

  Data for ANEOS number  -1   library number    0  type 99     ver 09/30/13

  Al solid                                                RHUG= 2.70000D+00
                                                          THUG= 2.56800D-02

  IN( 1)= 1.000000000D+00  IN(17)= 0.000000000D+00  IN(33)= 0.000000000D+00
  IN( 2)= 4.000000000D+00  IN(18)= 0.000000000D+00  IN(34)= 0.000000000D+00
  IN( 3)= 2.700000000D+00  IN(19)= 0.000000000D+00  IN(35)= 0.000000000D+00
  IN( 4)= 2.980000000D+02  IN(20)= 0.000000000D+00  IN(36)= 0.000000000D+00
  IN( 5)= 1.000000000D+06  IN(21)= 0.000000000D+00  IN(37)= 0.000000000D+00
  IN( 6)=-5.200000000D+05  IN(22)= 0.000000000D+00  IN(38)= 0.000000000D+00
  IN( 7)= 2.000000000D+00  IN(23)= 2.470000000D+09  IN(39)= 0.000000000D+00
  IN( 8)=-4.330000000D+02  IN(24)= 9.620000000D-01  IN(40)= 0.000000000D+00
  IN( 9)= 1.500000000D+00  IN(25)= 1.000000000D+00  IN(41)= 0.000000000D+00
  IN(10)= 0.000000000D+00  IN(26)= 0.000000000D+00  IN(42)= 0.000000000D+00
  IN(11)= 9.000000000D+10  IN(27)= 3.000000000D-01  IN(43)= 0.000000000D+00
  IN(12)= 1.809000000D+03  IN(28)= 1.000000000D-01  IN(44)= 1.000000000D+00
  IN(13)= 0.000000000D+00  IN(29)= 2.000000000D-01  IN(45)= 1.000000000D-20
  IN(14)= 0.000000000D+00  IN(30)= 0.000000000D+00  IN(46)= 1.000000000D+05
  IN(15)= 0.000000000D+00  IN(31)= 0.000000000D+00  IN(47)= 0.000000000D+00
  IN(16)= 0.000000000D+00  IN(32)= 0.000000000D+00  IN(48)= 0.000000000D+00

  N0= 0.22323D+23 Mean atomic weight= 0.26982D+02
  Z( 1)= 13.  number fraction( 1)= 1.00000D+00  atoms/gram( 1)= 2.23229D+22

  HUGONIOT INPUT DATA YIELDS B0 =    7.003275D+11 TGAMMA =   -1.326069D-01


NEW: Cv adjust, QCC1, QCC6=   0.100000D+01   0.100000D-19   0.100000D+06



  REFERENCE POINT CONDITIONS

  T=   2.567717D-02      RHO=    2.700000D+00      P=   1.000000D+06
  E=   1.551188D+09      DPDT=   5.198714D+11      CV=  9.646910D+10
  S=   1.081261D+11      DPDR=   2.593806D+11      B0=  7.003275D+11
  CS=  5.188915D+05      GAMMA=  1.995924D+00


  TWO-PHASE CALCULATION FOR MATERIAL     1

  CRITICAL POINT
  RHO=  5.6573953D-01       T=  1.1708708D+00         P=  1.2618902D+10
  E=  1.3346298D+11         S=  6.2888289D+11         NTY=    7


  TWO-PHASE BOUNDARIES
       T         RHOLIQ        RHOVAP        PLIQ         PVAP        ELIQ         EVAP         SLIQ         SVAP        GLIQ         GVAP         PSILIQ      PSIVAP         NTY
       K         kg/m**3       kg/m**3       GPa          GPa         J/kg         J/kg        J/kg-K       J/kg-K       J/kg         J/kg

  1.35887D+04  5.65740D+02  5.65740D+02  1.26189D+00  1.26189D+00  1.33463D+07  1.33463D+07  5.41908D+03  5.41908D+03 -5.80573D+07 -5.80573D+07  5.75746D+01  5.75746D+01      0
  1.33924D+04  6.34970D+02  4.96526D+02  1.22728D+00  1.22728D+00  1.30001D+07  1.34917D+07  5.37564D+03  5.45260D+03 -5.70555D+07 -5.70555D+07  2.28128D+01  4.47453D+01     13
  1.31960D+04  6.63828D+02  4.67731D+02  1.19308D+00  1.19308D+00  1.28010D+07  1.34906D+07  5.35443D+03  5.46380D+03 -5.60550D+07 -5.60550D+07  1.97512D+01  5.14067D+01     12
  1.29997D+04  6.86112D+02  4.45555D+02  1.15929D+00  1.15929D+00  1.26270D+07  1.34649D+07  5.33675D+03  5.47139D+03 -5.50556D+07 -5.50556D+07  1.76468D+01  5.72205D+01     12
  1.28034D+04  7.05030D+02  4.26796D+02  1.12590D+00  1.12590D+00  1.24663D+07  1.34263D+07  5.32083D+03  5.47714D+03 -5.40575D+07 -5.40575D+07  1.60201D+01  6.26709D+01     11
  1.26071D+04  7.21824D+02  4.10213D+02  1.09292D+00  1.09292D+00  1.23143D+07  1.33795D+07  5.30598D+03  5.48172D+03 -5.30606D+07 -5.30606D+07  1.46891D+01  6.79456D+01     11
  1.24107D+04  7.37131D+02  3.95171D+02  1.06034D+00  1.06034D+00  1.21685D+07  1.33267D+07  5.29185D+03  5.48549D+03 -5.20650D+07 -5.20650D+07  1.35619D+01  7.31419D+01     10
  1.22144D+04  7.51332D+02  3.81295D+02  1.02815D+00  1.02815D+00  1.20275D+07  1.32695D+07  5.27823D+03  5.48865D+03 -5.10707D+07 -5.10707D+07  1.25850D+01  7.83198D+01     10
  1.20181D+04  7.64675D+02  3.68337D+02  9.96373D-01  9.96373D-01  1.18903D+07  1.32087D+07  5.26496D+03  5.49134D+03 -5.00778D+07 -5.00778D+07  1.17238D+01  8.35204D+01     10
  1.18217D+04  7.77334D+02  3.56128D+02  9.64990D-01  9.64990D-01  1.17563D+07  1.31450D+07  5.25196D+03  5.49365D+03 -4.90861D+07 -4.90861D+07  1.09548D+01  8.87744D+01      9
  1.16254D+04  7.89437D+02  3.44544D+02  9.34006D-01  9.34006D-01  1.16248D+07  1.30788D+07  5.23915D+03  5.49565D+03 -4.80959D+07 -4.80959D+07  1.02612D+01  9.41064D+01      9
  1.14291D+04  8.01083D+02  3.33491D+02  9.03419D-01  9.03419D-01  1.14955D+07  1.30105D+07  5.22647D+03  5.49739D+03 -4.71071D+07 -4.71071D+07  9.63048D+00  9.95375D+01      9
  1.12328D+04  8.12348D+02  3.22896D+02  8.73231D-01  8.73231D-01  1.13681D+07  1.29404D+07  5.21387D+03  5.49892D+03 -4.61197D+07 -4.61197D+07  9.05293D+00  1.05087D+02      9
  1.10364D+04  8.23295D+02  3.12701D+02  8.43440D-01  8.43440D-01  1.12424D+07  1.28688D+07  5.20131D+03  5.50026D+03 -4.51338D+07 -4.51338D+07  8.52104D+00  1.10771D+02      9
  1.08401D+04  8.33978D+02  3.02860D+02  8.14047D-01  8.14047D-01  1.11179D+07  1.27956D+07  5.18875D+03  5.50145D+03 -4.41494D+07 -4.41494D+07  8.02879D+00  1.16609D+02      9
  1.06438D+04  8.44440D+02  2.93332D+02  7.85053D-01  7.85053D-01  1.09947D+07  1.27212D+07  5.17617D+03  5.50250D+03 -4.31665D+07 -4.31665D+07  7.57127D+00  1.22616D+02      9
  1.04475D+04  8.54721D+02  2.84087D+02  7.56460D-01  7.56460D-01  1.08724D+07  1.26455D+07  5.16354D+03  5.50343D+03 -4.21852D+07 -4.21852D+07  7.14443D+00  1.28810D+02      9
  1.02511D+04  8.64856D+02  2.75095D+02  7.28267D-01  7.28267D-01  1.07510D+07  1.25687D+07  5.15082D+03  5.50427D+03 -4.12056D+07 -4.12056D+07  6.74490D+00  1.35209D+02      8
  1.00548D+04  8.74877D+02  2.66335D+02  7.00477D-01  7.00477D-01  1.06303D+07  1.24909D+07  5.13800D+03  5.50501D+03 -4.02276D+07 -4.02276D+07  6.36984D+00  1.41832D+02      8
  9.85847D+03  8.84812D+02  2.57784D+02  6.73091D-01  6.73091D-01  1.05101D+07  1.24121D+07  5.12504D+03  5.50569D+03 -3.92513D+07 -3.92513D+07  6.01680D+00  1.48699D+02      8
  9.66214D+03  8.94690D+02  2.49425D+02  6.46111D-01  6.46111D-01  1.03904D+07  1.23324D+07  5.11193D+03  5.50631D+03 -3.82768D+07 -3.82768D+07  5.68371D+00  1.55833D+02      8
  9.46581D+03  9.04536D+02  2.41242D+02  6.19540D-01  6.19540D-01  1.02709D+07  1.22518D+07  5.09864D+03  5.50687D+03 -3.73041D+07 -3.73041D+07  5.36877D+00  1.63257D+02      8
  9.26948D+03  9.14377D+02  2.33221D+02  5.93380D-01  5.93380D-01  1.01517D+07  1.21703D+07  5.08514D+03  5.50740D+03 -3.63332D+07 -3.63332D+07  5.07039D+00  1.70998D+02      8
  9.07315D+03  9.24240D+02  2.25350D+02  5.67635D-01  5.67635D-01  1.00325D+07  1.20880D+07  5.07140D+03  5.50791D+03 -3.53643D+07 -3.53643D+07  4.78720D+00  1.79084D+02      8
  8.87682D+03  9.34150D+02  2.17616D+02  5.42307D-01  5.42307D-01  9.91331D+06  1.20049D+07  5.05741D+03  5.50839D+03 -3.43973D+07 -3.43973D+07  4.51798D+00  1.87550D+02      8
  8.68049D+03  9.44134D+02  2.10010D+02  5.17400D-01  5.17400D-01  9.79391D+06  1.19209D+07  5.04312D+03  5.50887D+03 -3.34323D+07 -3.34323D+07  4.26166D+00  1.96432D+02      8
  8.48417D+03  9.54222D+02  2.02522D+02  4.92918D-01  4.92918D-01  9.67421D+06  1.18362D+07  5.02852D+03  5.50935D+03 -3.24695D+07 -3.24695D+07  4.01728D+00  2.05771D+02      8
  8.28784D+03  9.64442D+02  1.95143D+02  4.68865D-01  4.68865D-01  9.55406D+06  1.17506D+07  5.01355D+03  5.50986D+03 -3.15089D+07 -3.15089D+07  3.78397D+00  2.15615D+02      8
  8.09151D+03  9.74828D+02  1.87866D+02  4.45246D-01  4.45246D-01  9.43333D+06  1.16643D+07  4.99819D+03  5.51039D+03 -3.05505D+07 -3.05505D+07  3.56097D+00  2.26017D+02      7
  7.89518D+03  9.85415D+02  1.80682D+02  4.22067D-01  4.22066D-01  9.31185D+06  1.15771D+07  4.98239D+03  5.51097D+03 -2.95944D+07 -2.95944D+07  3.34759D+00  2.37041D+02      7
  7.69885D+03  9.96241D+02  1.73584D+02  3.99331D-01  3.99331D-01  9.18945D+06  1.14892D+07  4.96611D+03  5.51160D+03 -2.86409D+07 -2.86409D+07  3.14320D+00  2.48758D+02      7
  7.50252D+03  1.00735D+03  1.66566D+02  3.77046D-01  3.77046D-01  9.06595D+06  1.14005D+07  4.94929D+03  5.51232D+03 -2.76898D+07 -2.76898D+07  2.94723D+00  2.61253D+02      7
  7.30620D+03  1.01879D+03  1.59621D+02  3.55217D-01  3.55217D-01  8.94113D+06  1.13109D+07  4.93188D+03  5.51313D+03 -2.67414D+07 -2.67414D+07  2.75918D+00  2.74624D+02      7
  7.10987D+03  1.03062D+03  1.52743D+02  3.33852D-01  3.33852D-01  8.81474D+06  1.12205D+07  4.91381D+03  5.51407D+03 -2.57958D+07 -2.57958D+07  2.57858D+00  2.88988D+02      7
  6.91354D+03  1.04289D+03  1.45926D+02  3.12957D-01  3.12957D-01  8.68651D+06  1.11293D+07  4.89499D+03  5.51516D+03 -2.48532D+07 -2.48532D+07  2.40499D+00  3.04484D+02      7
  6.71721D+03  1.05569D+03  1.39164D+02  2.92541D-01  2.92541D-01  8.55613D+06  1.10372D+07  4.87534D+03  5.51644D+03 -2.39136D+07 -2.39136D+07  2.23804D+00  3.21280D+02      7
  6.52088D+03  1.06910D+03  1.32451D+02  2.72611D-01  2.72611D-01  8.42321D+06  1.09443D+07  4.85475D+03  5.51793D+03 -2.29772D+07 -2.29772D+07  2.07738D+00  3.39579D+02      7
  6.32455D+03  1.08322D+03  1.25783D+02  2.53178D-01  2.53178D-01  8.28732D+06  1.08505D+07  4.83309D+03  5.51970D+03 -2.20443D+07 -2.20443D+07  1.92268D+00  3.59627D+02      7
  6.12823D+03  1.09817D+03  1.19152D+02  2.34251D-01  2.34251D-01  8.14793D+06  1.07557D+07  4.81020D+03  5.52179D+03 -2.11151D+07 -2.11151D+07  1.77366D+00  3.81733D+02      7
  5.93190D+03  1.11409D+03  1.12553D+02  2.15840D-01  2.15840D-01  8.00442D+06  1.06601D+07  4.78592D+03  5.52427D+03 -2.01897D+07 -2.01897D+07  1.63006D+00  4.06280D+02      7
  5.73557D+03  1.13115D+03  1.05982D+02  1.97958D-01  1.97958D-01  7.85604D+06  1.05634D+07  4.75999D+03  5.52722D+03 -1.92686D+07 -1.92686D+07  1.49165D+00  4.33754D+02      6
  5.53924D+03  1.14959D+03  9.94318D+01  1.80618D-01  1.80618D-01  7.70185D+06  1.04658D+07  4.73216D+03  5.53075D+03 -1.83521D+07 -1.83521D+07  1.35825D+00  4.64780D+02      6
  5.34291D+03  1.16964D+03  9.28974D+01  1.63834D-01  1.63834D-01  7.54071D+06  1.03672D+07  4.70206D+03  5.53498D+03 -1.74405D+07 -1.74405D+07  1.22968D+00  5.00174D+02      6
  5.14658D+03  1.19166D+03  8.63734D+01  1.47622D-01  1.47622D-01  7.37120D+06  1.02674D+07  4.66926D+03  5.54007D+03 -1.65343D+07 -1.65343D+07  1.10584D+00  5.41020D+02      6
  4.95025D+03  1.21606D+03  7.98546D+01  1.32001D-01  1.32001D-01  7.19153D+06  1.01665D+07  4.63319D+03  5.54622D+03 -1.56341D+07 -1.56341D+07  9.86662D-01  5.88784D+02      6
  4.75393D+03  1.24338D+03  7.33366D+01  1.16991D-01  1.16991D-01  6.99942D+06  1.00644D+07  4.59312D+03  5.55368D+03 -1.47406D+07 -1.47406D+07  8.72142D-01  6.45499D+02      6
  4.55760D+03  1.27430D+03  6.68161D+01  1.02617D-01  1.02617D-01  6.79201D+06  9.96104D+06  4.54809D+03  5.56279D+03 -1.38546D+07 -1.38546D+07  7.62381D-01  7.14046D+02      6
  4.36127D+03  1.30970D+03  6.02918D+01  8.89089D-02  8.89089D-02  6.56569D+06  9.85629D+06  4.49685D+03  5.57398D+03 -1.29773D+07 -1.29773D+07  6.57616D-01  7.98634D+02      6
  4.16494D+03  1.35070D+03  5.37663D+01  7.59019D-02  7.59019D-02  6.31599D+06  9.75006D+06  4.43780D+03  5.58784D+03 -1.21099D+07 -1.21099D+07  5.58280D-01  9.05605D+02      6
  3.96861D+03  1.39865D+03  4.72490D+01  6.36418D-02  6.36418D-02  6.03773D+06  9.64223D+06  4.36889D+03  5.60515D+03 -1.12542D+07 -1.12542D+07  4.65094D-01  1.04486D+03      6
  3.77228D+03  1.45504D+03  4.07616D+01  5.21884D-02  5.21884D-02  5.72562D+06  9.53267D+06  4.28778D+03  5.62697D+03 -1.04123D+07 -1.04123D+07  3.79158D-01  1.23252D+03      6
  3.67412D+03  1.48682D+03  3.75412D+01  4.67883D-02  4.67883D-02  5.55561D+06  9.47721D+06  4.24191D+03  5.64000D+03 -9.99731D+06 -9.99731D+06  3.39370D-01  1.35238D+03      6
  3.57596D+03  1.52113D+03  3.43465D+01  4.16221D-02  4.16221D-02  5.37608D+06  9.42128D+06  4.19219D+03  5.65473D+03 -9.58677D+06 -9.58677D+06  3.01990D-01  1.49592D+03      6
  3.47779D+03  1.55798D+03  3.11881D+01  3.67040D-02  3.67040D-02  5.18738D+06  9.36489D+06  4.13850D+03  5.67140D+03 -9.18107D+06 -9.18107D+06  2.67241D-01  1.66996D+03      5
  3.37963D+03  1.59726D+03  2.80797D+01  3.20505D-02  3.20505D-02  4.99040D+06  9.30804D+06  4.08088D+03  5.69032D+03 -8.78059D+06 -8.78059D+06  2.35321D-01  1.88379D+03      5
  3.28146D+03  1.63870D+03  2.50384D+01  2.76794D-02  2.76794D-02  4.78663D+06  9.25076D+06  4.01954D+03  5.71179D+03 -8.38570D+06 -8.38570D+06  2.06378D-01  2.15030D+03      5
  3.18330D+03  1.68193D+03  2.20842D+01  2.36096D-02  2.36096D-02  4.57809D+06  9.19309D+06  3.95489D+03  5.73618D+03 -7.99675D+06 -7.99675D+06  1.80478D-01  2.48761D+03      5
  3.08513D+03  1.72645D+03  1.92406D+01  1.98599D-02  1.98599D-02  4.36716D+06  9.13512D+06  3.88748D+03  5.76389D+03 -7.61403D+06 -7.61403D+06  1.57590D-01  2.92170D+03      5
  2.98697D+03  1.77170D+03  1.65326D+01  1.64473D-02  1.64473D-02  4.15629D+06  9.07695D+06  3.81792D+03  5.79536D+03 -7.23779D+06 -7.23779D+06  1.37582D-01  3.49056D+03      5
  2.88881D+03  1.81716D+03  1.39863D+01  1.33851D-02  1.33851D-02  3.94779D+06  9.01872D+06  3.74688D+03  5.83111D+03 -6.86821D+06 -6.86821D+06  1.20239D-01  4.25108D+03      5
  2.79064D+03  1.86233D+03  1.16265D+01  1.06818D-02  1.06818D-02  3.74356D+06  8.96063D+06  3.67489D+03  5.87168D+03 -6.50542D+06 -6.50542D+06  1.05291D-01  5.29074D+03      5
  2.69248D+03  1.90682D+03  9.47554D+00  8.33882D-03  8.33882D-03  3.54504D+06  8.90293D+06  3.60243D+03  5.91774D+03 -6.14950D+06 -6.14950D+06  9.24458D-02  6.74811D+03      5
  2.59431D+03  1.95033D+03  7.55147D+00  6.34997D-03  6.34997D-03  3.35317D+06  8.84592D+06  3.52981D+03  5.97005D+03 -5.80048D+06 -5.80048D+06  8.14127D-02  8.85018D+03      4
  2.49615D+03  1.99267D+03  5.86653D+00  4.70107D-03  4.70107D-03  3.16847D+06  8.78999D+06  3.45722D+03  6.02953D+03 -5.45840D+06 -5.45840D+06  7.19215D-02  1.19830D+04      4
  2.39799D+03  2.03371D+03  4.42618D+00  3.37013D-03  3.37013D-03  2.99113D+06  8.73561D+06  3.38473D+03  6.09726D+03 -5.12327D+06 -5.12327D+06  6.37317D-02  1.68317D+04      4
  2.29982D+03  2.07338D+03  3.22850D+00  2.33377D-03  2.32824D-03  2.82110D+06  8.68339D+06  3.31232D+03  6.17459D+03 -4.79509D+06 -4.79509D+06  5.66357D-02  2.46729D+04      3
  2.20166D+03  2.11165D+03  2.26394D+00  1.54187D-03  1.54092D-03  2.65815D+06  8.63407D+06  3.23992D+03  6.26319D+03 -4.47389D+06 -4.47389D+06  5.04579D-02  3.80216D+04      3
  2.10349D+03  2.14855D+03  1.51564D+00  9.69942D-04  9.69942D-04  2.50197D+06  8.58856D+06  3.16735D+03  6.36512D+03 -4.15969D+06 -4.15969D+06  4.50510D-02  6.21646D+04      4
  2.00533D+03  2.18410D+03  9.60280D-01  5.75429D-04  5.75429D-04  2.35218D+06  8.54800D+06  3.09443D+03  6.48299D+03 -3.85254D+06 -3.85254D+06  4.02932D-02  1.09085D+05      5
  1.90716D+03  2.21834D+03  5.69408D-01  3.18100D-04  3.18100D-04  2.20838D+06  8.51383D+06  3.02091D+03  6.62016D+03 -3.55252D+06 -3.55252D+06  3.60834D-02  2.08499D+05      4

 WARNING message from ANEOS package - eos number    -1


 High vapor pressure

  1.83671D+03  2.24200D+03  3.84327D-01  1.00000D-04  2.05713D-04  2.10918D+06  8.49512D+06  2.96752D+03  6.73551D+03 -3.34241D+06 -3.34236D+06  3.33958D-02  3.76298D+05      0
  1.80900D+03  2.25131D+03  3.11531D-01  1.42168D-05  1.61509D-04  2.07017D+06  8.48776D+06  2.94652D+03  6.78088D+03 -3.25977D+06 -3.25970D+06  3.23387D-02  4.42298D+05      5
  1.79091D+03  2.34574D+03  2.74650D-01  1.40371D-04  1.40352D-04  1.79868D+06  8.48419D+06  2.79636D+03  6.81493D+03 -3.20901D+06 -3.20901D+06  2.73928D-02  5.18037D+05      4
  1.74657D+03  2.35901D+03  2.01868D-01  1.00000D-04  9.99949D-05  1.73946D+06  8.47753D+06  2.76273D+03  6.90422D+03 -3.08606D+06 -3.08606D+06  2.61634D-02  8.05259D+05      0
  1.73061D+03  2.36379D+03  1.75666D-01  8.54658D-05  8.54658D-05  1.71815D+06  8.47514D+06  2.75062D+03  6.93637D+03 -3.04180D+06 -3.04180D+06  2.57208D-02  9.08663D+05      6
  1.67031D+03  2.38147D+03  1.07314D-01  4.96275D-05  4.96275D-05  1.63919D+06  8.47095D+06  2.70419D+03  7.07141D+03 -2.87735D+06 -2.87735D+06  2.41442D-02  1.69225D+06      6
  1.61001D+03  2.39879D+03  6.21987D-02  2.72997D-05  2.72997D-05  1.56174D+06  8.47228D+06  2.65696D+03  7.22206D+03 -2.71573D+06 -2.71573D+06  2.26549D-02  3.37587D+06      6
  1.54971D+03  2.41574D+03  3.39366D-02  1.41187D-05  1.41187D-05  1.48572D+06  8.47977D+06  2.60884D+03  7.39070D+03 -2.55698D+06 -2.55698D+06  2.12459D-02  7.28888D+06      6
  1.48941D+03  2.43236D+03  1.72730D-02  6.80471D-06  6.80471D-06  1.41107D+06  8.49410D+06  2.55970D+03  7.58009D+03 -2.40115D+06 -2.40115D+06  1.99107D-02  1.72391D+07      6
  1.42911D+03  2.44863D+03  8.11531D-03  3.02552D-06  3.02552D-06  1.33773D+06  8.51585D+06  2.50944D+03  7.79341D+03 -2.24832D+06 -2.24832D+06  1.86436D-02  4.52891D+07      6
  1.36881D+03  2.46459D+03  3.47729D-03  1.22668D-06  1.22668D-06  1.26563D+06  8.54549D+06  2.45789D+03  8.03432D+03 -2.09856D+06 -2.09856D+06  1.74393D-02  1.34286D+08      8
  1.30851D+03  2.48022D+03  1.34034D-03  4.47595D-07  4.47595D-07  1.19473D+06  8.58326D+06  2.40492D+03  8.30699D+03 -1.95195D+06 -1.95195D+06  1.62929D-02  4.57615D+08      6
  1.24821D+03  2.49555D+03  4.57655D-04  1.44815D-07  1.44815D-07  1.12497D+06  8.62905D+06  2.35034D+03  8.61608D+03 -1.80858D+06 -1.80858D+06  1.52002D-02  1.82915D+09      5
  1.18791D+03  2.51057D+03  1.36064D-04  4.08574D-08  4.08574D-08  1.05629D+06  8.68229D+06  2.29395D+03  8.96679D+03 -1.66855D+06 -1.66855D+06  1.41572D-02  8.77279D+09      5
  1.12761D+03  2.52531D+03  3.45567D-05  9.86485D-09  9.86486D-09  9.88669D+05  8.74189D+06  2.23552D+03  9.36489D+03 -1.53198D+06 -1.53198D+06  1.31603D-02  5.17759D+10      5
  1.06731D+03  2.53976D+03  7.33823D-06  1.99512D-09  1.99512D-09  9.22050D+05  8.80615D+06  2.17480D+03  9.81687D+03 -1.39901D+06 -1.39901D+06  1.22062D-02  3.86825D+11      6
  1.00701D+03  2.55393D+03  1.27123D-06  3.29671D-10  3.29646D-10  8.56399D+05  8.87289D+06  2.11149D+03  1.03302D+04 -1.26977D+06 -1.26977D+06  1.12919D-02  3.77932D+12      7
  9.46710D+02  2.56783D+03  1.74459D-07  4.31671D-11  4.31751D-11  7.91684D+05  8.93949D+06  2.04522D+03  1.09136D+04 -1.14444D+06 -1.14444D+06  1.04146D-02  5.01926D+13      6
  8.86410D+02  2.58146D+03  1.82873D-08  4.31595D-12  4.31659D-12  7.27877D+05  9.00320D+06  1.97558D+03  1.15782D+04 -1.02320D+06 -1.02320D+06  9.57192D-03  9.50854D+14      7
  8.26110D+02  2.59483D+03  1.39654D-09  3.26157D-13  3.13710D-13  6.64956D+05  9.06128D+06  1.90207D+03  1.23383D+04 -9.06272D+05 -9.06272D+05  8.76146D-03  2.73513D+16      7
  7.65810D+02  2.60794D+03  7.29185D-11  2.25067D-14  1.55240D-14  6.02907D+05  9.11131D+06  1.82408D+03  1.32131D+04 -7.93911D+05 -7.93911D+05  7.98112D-03  1.29922D+18      7
  7.05510D+02  2.62078D+03  2.38490D-12  1.25885D-14  4.78214D-16  5.41725D+05  9.15130D+06  1.74087D+03  1.42292D+04 -6.86405D+05 -6.86405D+05  7.22894D-03  1.14434D+20      8
  6.45210D+02  2.63337D+03  4.31715D-14  2.28882D-14  8.08400D-18  4.81417D+05  9.17988D+06  1.65152D+03  1.54241D+04 -5.84097D+05 -5.84097D+05  6.50312D-03  2.20183D+22      8
  5.84910D+02  2.64569D+03  3.61514D-16  1.98364D-14  6.25215D-20  4.22008D+05  9.19637D+06  1.55486D+03  1.68526D+04 -4.87391D+05 -4.87391D+05  5.80200D-03  1.17382D+25      7
  5.24610D+02  2.65773D+03  1.07165D-18  2.28882D-15  1.68819D-22  3.63552D+05  9.20089D+06  1.44939D+03  1.85962D+04 -3.96769D+05 -3.96769D+05  5.12405D-03  1.00000+100      5
  4.64310D+02  2.66948D+03  7.43642D-22 -2.51770D-14  1.04903D-25  3.06143D+05  9.19444D+06  1.33316D+03  2.07811D+04 -3.12820D+05 -3.12820D+05  4.46785D-03  1.00000+100      7
  4.04010D+02  2.68090D+03  6.18954D-26 -2.04086D-14  7.65686D-30  2.49948D+05  9.17884D+06  1.20354D+03  2.36117D+04 -2.36268D+05 -2.36268D+05  3.83208D-03  1.00000+100      7
  3.43710D+02  2.69194D+03  1.96468D-31 -2.42233D-14  2.07649D-35  1.95259D+05  9.15664D+06  1.05700D+03  2.74385D+04 -1.68020D+05 -1.68020D+05  3.21550D-03  1.00000+100      7
  2.83410D+02  2.70250D+03  2.84057D-39  2.55585D-14  2.47971D-43  1.42612D+05  9.13063D+06  8.88692D+02  3.29124D+04 -1.09237D+05 -1.09237D+05  2.61697D-03  1.00000+100      7
  2.23110D+02  2.71237D+03  2.26376D-51 -3.27110D-14  1.55631D-55  9.30536D+04  9.10310D+06  6.92374D+02  4.13868D+04 -6.14129D+04 -6.14129D+04  2.03537D-03  1.00000+100      7


  DATA ARRAY FOR MATERIAL   1

  C( 1) = 1.000000000+100  C(31) = 1.000000000D+00  C(61) = 0.000000000D+00
  C( 2) = 0.000000000D+00  C(32) = 1.585589170D+13  C(62) = 0.000000000D+00
  C( 3) = 7.513826180D+11  C(33) = 3.173471542D+00  C(63) = 1.000000000D+00
  C( 4) = 4.287470906D+11  C(34) = 4.168898626D+11  C(64) = 0.000000000D+00
  C( 5) = 8.496154803D+00  C(35) =-2.676942987D+12  C(65) = 0.000000000D+00
  C( 6) = 3.238631421D+00  C(36) = 2.923749570D+12  C(66) = 0.000000000D+00
  C( 7) = 0.000000000D+00  C(37) = 5.518410831D+12  C(67) = 0.000000000D+00
  C( 8) = 0.000000000D+00  C(38) = 0.000000000D+00  C(68) = 0.000000000D+00
  C( 9) = 0.000000000D+00  C(39) = 0.000000000D+00  C(69) = 0.000000000D+00
  C(10) = 9.000000000D+10  C(40) = 0.000000000D+00  C(70) = 0.000000000D+00
  C(11) = 2.700000000D+00  C(41) = 0.000000000D+00  C(71) = 1.000000000D+00
  C(12) = 2.567717075D-02  C(42) = 1.000000000D-01  C(72) = 0.000000000D+00
  C(13) = 7.717072014D-05  C(43) =-4.355430646D+09  C(73) = 1.170870825D+00
  C(14) =-1.134276234D-03  C(44) =-5.240269956D+10  C(74) = 5.657395299D-01
  C(15) = 2.000000000D+00  C(45) = 5.009147183D+10  C(75) =-1.326068881D-01
  C(16) =-4.115226337D-01  C(46) = 2.340238027D+00  C(76) =-1.326068881D-01
  C(17) = 1.481481481D+00  C(47) = 2.251308982D+00  C(77) = 7.992701033D-01
  C(18) = 1.558724896D-01  C(48) = 6.579637013D+00  C(78) = 2.516583032D+00
  C(19) = 2.730720196D+00  C(49) = 8.878515750D-02  C(79) = 0.000000000D+00
  C(20) = 1.000000000D+06  C(50) = 3.893454463D-01  C(80) = 0.000000000D+00
  C(21) = 7.003275027D+11  C(51) = 4.918380692D-01  C(81) = 0.000000000D+00
  C(22) = 0.000000000D+00  C(52) = 7.906486914D-01  C(82) = 0.000000000D+00
  C(23) = 2.160000000D+00  C(53) = 0.000000000D+00  C(83) = 0.000000000D+00
  C(24) = 0.000000000D+00  C(54) = 0.000000000D+00  C(84) = 0.000000000D+00
  C(25) =-3.730944610D-02  C(55) = 9.999990000D-01  C(85) = 0.000000000D+00
  C(26) = 1.300000000D+01  C(56) = 1.000000000D-06  C(86) = 0.000000000D+00
  C(27) = 2.232285598D+22  C(57) = 3.000000000D-01  C(87) = 0.000000000D+00
  C(28) = 1.000000000D+00  C(58) = 1.000000000D-01  C(88) = 1.000000000D+00
  C(29) = 2.698200000D+01  C(59) = 2.000000000D-01  C(89) = 1.000000000D-20
  C(30) = 4.000000000D+00  C(60) = 0.000000000D+00  C(90) = 1.000000000D+05

  LOCKP( 1)=   1    LOCKPL( 1)=  99  (two-phase array storage data)


 BOUNDS OF LIQUID/SOLID PHASE TRANSITION
   ENTHALPY OF FUSION (ERG/GM)................... 2.47000D+09
   LOWER LIMIT OF METASTABLE LIQUID ACK(49)...... 1.03041D+03
   MELT TEMPERATURE (TRIPLE POINT) ACK(18)....... 1.80900D+03
   INTERMEDIATE TEMPERATURE ACK(52).............. 9.17598D+03
   MAXIMUM TEMPERATURE ACK(48)................... 7.63609D+04
   SLOPE OF LEFT  BOUNDARY, dT/dRHO ACK(50)...... 4.51860D+00
   SLOPE OF RIGHT BOUNDARY, dT/dRHO ACK(51)...... 5.70810D+00
   MINIMUM DENSITY ACK(23), GM/CC................ 2.16000D+03
   SOLID/MELT DENSITY AT Tm ACK(46), GM/CC....... 0.00000D+00
   LIQUID/VAPOR DENSITY AT Tm ACK(47), GM/CC..... 2.25131D+03



 LIQUID/SOLID PHASE CURVE

       T         RLIQ       RSOLID      PLIQ       PSOLID      ELIQ        ESOLID       SLIQ       SOLID        GLIQ       GSOLID        #ITER
       K        kg/m**3     kg/m**3      GPa         GPa       J/kg         J/kg        J/kg-K     J/kg-K       J/kg        J/kg

  1.0304D+03  1.9996D+03  2.1580D+03 -5.6532D+00 -5.6532D+00  1.9058D+06  1.4588D+06  2.6971D+03  2.4646D+03 -3.7003D+06 -3.7003D+06         9
  1.2899D+03  2.0949D+03  2.2176D+03 -3.9221D+00 -3.9221D+00  1.9110D+06  1.5691D+06  2.7969D+03  2.6122D+03 -3.5688D+06 -3.5688D+06         7
  1.5495D+03  2.1766D+03  2.2789D+03 -2.0322D+00 -2.0322D+00  1.9730D+06  1.6893D+06  2.8790D+03  2.7229D+03 -3.4212D+06 -3.4212D+06         5
  1.8090D+03  2.2513D+03  2.3402D+03  1.4217D-05  1.4217D-05  2.0702D+06  1.8232D+06  2.9465D+03  2.8100D+03 -3.2598D+06 -3.2598D+06         1
  1.8780D+03  2.2704D+03  2.3565D+03  5.6268D-01  5.6268D-01  2.1006D+06  1.8612D+06  2.9625D+03  2.8301D+03 -3.2147D+06 -3.2147D+06         3
  1.9496D+03  2.2898D+03  2.3733D+03  1.1564D+00  1.1564D+00  2.1341D+06  1.9017D+06  2.9783D+03  2.8500D+03 -3.1671D+06 -3.1671D+06         3
  2.0240D+03  2.3098D+03  2.3907D+03  1.7829D+00  1.7829D+00  2.1707D+06  1.9449D+06  2.9939D+03  2.8695D+03 -3.1167D+06 -3.1167D+06         4
  2.1011D+03  2.3302D+03  2.4087D+03  2.4440D+00  2.4440D+00  2.2106D+06  1.9911D+06  3.0094D+03  2.8887D+03 -3.0634D+06 -3.0634D+06         4
  2.1813D+03  2.3511D+03  2.4273D+03  3.1417D+00  3.1417D+00  2.2539D+06  2.0403D+06  3.0247D+03  2.9075D+03 -3.0070D+06 -3.0070D+06         4
  2.2645D+03  2.3726D+03  2.4466D+03  3.8779D+00  3.8779D+00  2.3009D+06  2.0928D+06  3.0397D+03  2.9260D+03 -2.9476D+06 -2.9476D+06         4
  2.3508D+03  2.3946D+03  2.4665D+03  4.6549D+00  4.6549D+00  2.3518D+06  2.1489D+06  3.0546D+03  2.9442D+03 -2.8847D+06 -2.8847D+06         4
  2.4405D+03  2.4172D+03  2.4871D+03  5.4748D+00  5.4748D+00  2.4068D+06  2.2087D+06  3.0693D+03  2.9621D+03 -2.8184D+06 -2.8184D+06         4
  2.5335D+03  2.4404D+03  2.5085D+03  6.3401D+00  6.3401D+00  2.4661D+06  2.2726D+06  3.0838D+03  2.9796D+03 -2.7485D+06 -2.7485D+06         4
  2.6302D+03  2.4643D+03  2.5306D+03  7.2532D+00  7.2532D+00  2.5299D+06  2.3407D+06  3.0981D+03  2.9969D+03 -2.6748D+06 -2.6748D+06         4
  2.7305D+03  2.4888D+03  2.5534D+03  8.2168D+00  8.2168D+00  2.5986D+06  2.4134D+06  3.1122D+03  3.0138D+03 -2.5972D+06 -2.5972D+06         4
  2.8346D+03  2.5141D+03  2.5771D+03  9.2335D+00  9.2335D+00  2.6724D+06  2.4910D+06  3.1261D+03  3.0304D+03 -2.5155D+06 -2.5155D+06         4
  2.9427D+03  2.5401D+03  2.6015D+03  1.0306D+01  1.0306D+01  2.7516D+06  2.5738D+06  3.1398D+03  3.0467D+03 -2.4297D+06 -2.4297D+06         4
  3.0549D+03  2.5668D+03  2.6268D+03  1.1438D+01  1.1438D+01  2.8366D+06  2.6621D+06  3.1532D+03  3.0628D+03 -2.3395D+06 -2.3395D+06         4
  3.1714D+03  2.5944D+03  2.6530D+03  1.2632D+01  1.2632D+01  2.9278D+06  2.7563D+06  3.1665D+03  3.0785D+03 -2.2450D+06 -2.2450D+06         4
  3.2924D+03  2.6228D+03  2.6801D+03  1.3891D+01  1.3891D+01  3.0254D+06  2.8569D+06  3.1796D+03  3.0940D+03 -2.1460D+06 -2.1460D+06         4
  3.4179D+03  2.6521D+03  2.7082D+03  1.5219D+01  1.5219D+01  3.1299D+06  2.9642D+06  3.1925D+03  3.1092D+03 -2.0425D+06 -2.0425D+06         4
  3.5483D+03  2.6824D+03  2.7371D+03  1.6621D+01  1.6621D+01  3.2418D+06  3.0787D+06  3.2051D+03  3.1243D+03 -1.9338D+06 -1.9338D+06         4
  3.6836D+03  2.7139D+03  2.7669D+03  1.8107D+01  1.8107D+01  3.3615D+06  3.2008D+06  3.2175D+03  3.1392D+03 -1.8178D+06 -1.8178D+06         4
  3.8241D+03  2.7464D+03  2.7977D+03  1.9684D+01  1.9684D+01  3.4897D+06  3.3310D+06  3.2297D+03  3.1538D+03 -1.6928D+06 -1.6928D+06         4
  3.9699D+03  2.7800D+03  2.8297D+03  2.1361D+01  2.1361D+01  3.6268D+06  3.4700D+06  3.2417D+03  3.1682D+03 -1.5578D+06 -1.5578D+06         4
  4.1213D+03  2.8147D+03  2.8629D+03  2.3144D+01  2.3144D+01  3.7735D+06  3.6182D+06  3.2536D+03  3.1823D+03 -1.4121D+06 -1.4121D+06         4
  4.2785D+03  2.8506D+03  2.8973D+03  2.5041D+01  2.5041D+01  3.9303D+06  3.7763D+06  3.2653D+03  3.1962D+03 -1.2546D+06 -1.2546D+06         4
  4.4416D+03  2.8877D+03  2.9330D+03  2.7061D+01  2.7061D+01  4.0980D+06  3.9450D+06  3.2768D+03  3.2098D+03 -1.0845D+06 -1.0845D+06         4
  4.6110D+03  2.9261D+03  2.9700D+03  2.9211D+01  2.9211D+01  4.2773D+06  4.1251D+06  3.2882D+03  3.2232D+03 -9.0069D+05 -9.0069D+05         4
  4.7869D+03  2.9658D+03  3.0085D+03  3.1503D+01  3.1503D+01  4.4690D+06  4.3174D+06  3.2994D+03  3.2363D+03 -7.0193D+05 -7.0193D+05         4
  4.9694D+03  3.0069D+03  3.0484D+03  3.3947D+01  3.3947D+01  4.6739D+06  4.5226D+06  3.3105D+03  3.2492D+03 -4.8695D+05 -4.8695D+05         4
  5.1589D+03  3.0496D+03  3.0898D+03  3.6554D+01  3.6554D+01  4.8929D+06  4.7417D+06  3.3214D+03  3.2619D+03 -2.5436D+05 -2.5436D+05         4
  5.3557D+03  3.0937D+03  3.1329D+03  3.9338D+01  3.9338D+01  5.1271D+06  4.9757D+06  3.3322D+03  3.2743D+03 -2.6261D+03 -2.6261D+03         4
  5.5599D+03  3.1396D+03  3.1776D+03  4.2312D+01  4.2312D+01  5.3775D+06  5.2257D+06  3.3428D+03  3.2865D+03  2.6994D+05  2.6994D+05         4
  5.7720D+03  3.1871D+03  3.2241D+03  4.5491D+01  4.5491D+01  5.6452D+06  5.4929D+06  3.3532D+03  3.2985D+03  5.6517D+05  5.6517D+05         4
  5.9921D+03  3.2365D+03  3.2725D+03  4.8893D+01  4.8893D+01  5.9315D+06  5.7783D+06  3.3635D+03  3.3102D+03  8.8509D+05  8.8509D+05         4
  6.2206D+03  3.2878D+03  3.3228D+03  5.2536D+01  5.2536D+01  6.2377D+06  6.0835D+06  3.3736D+03  3.3218D+03  1.2319D+06  1.2319D+06         4
  6.4578D+03  3.3411D+03  3.3752D+03  5.6439D+01  5.6439D+01  6.5654D+06  6.4098D+06  3.3836D+03  3.3332D+03  1.6080D+06  1.6080D+06         4
  6.7041D+03  3.3966D+03  3.4297D+03  6.0625D+01  6.0625D+01  6.9159D+06  6.7589D+06  3.3935D+03  3.3443D+03  2.0160D+06  2.0160D+06         4
  6.9598D+03  3.4543D+03  3.4865D+03  6.5118D+01  6.5118D+01  7.2912D+06  7.1324D+06  3.4031D+03  3.3553D+03  2.4589D+06  2.4589D+06         4
  7.2252D+03  3.5143D+03  3.5458D+03  6.9945D+01  6.9945D+01  7.6929D+06  7.5321D+06  3.4127D+03  3.3660D+03  2.9398D+06  2.9398D+06         4
  7.5007D+03  3.5769D+03  3.6075D+03  7.5136D+01  7.5136D+01  8.1232D+06  7.9602D+06  3.4221D+03  3.3766D+03  3.4623D+06  3.4623D+06         4
  7.7868D+03  3.6421D+03  3.6720D+03  8.0724D+01  8.0724D+01  8.5842D+06  8.4187D+06  3.4314D+03  3.3870D+03  4.0302D+06  4.0302D+06         4
  8.0837D+03  3.7102D+03  3.7393D+03  8.6745D+01  8.6745D+01  9.0783D+06  8.9101D+06  3.4405D+03  3.3972D+03  4.6476D+06  4.6476D+06         4
  8.3920D+03  3.7812D+03  3.8096D+03  9.3239D+01  9.3239D+01  9.6080D+06  9.4368D+06  3.4496D+03  3.4073D+03  5.3194D+06  5.3194D+06         4
  8.7120D+03  3.8554D+03  3.8830D+03  1.0025D+02  1.0025D+02  1.0176D+07  1.0002D+07  3.4585D+03  3.4172D+03  6.0506D+06  6.0506D+06         4
  9.0443D+03  3.9329D+03  3.9599D+03  1.0783D+02  1.0783D+02  1.0786D+07  1.0608D+07  3.4673D+03  3.4270D+03  6.8468D+06  6.8468D+06         4
  9.3892D+03  4.0140D+03  4.0403D+03  1.1604D+02  1.1604D+02  1.1441D+07  1.1259D+07  3.4760D+03  3.4366D+03  7.7142D+06  7.7142D+06         4
  9.7473D+03  4.0988D+03  4.1245D+03  1.2493D+02  1.2493D+02  1.2144D+07  1.1959D+07  3.4846D+03  3.4461D+03  8.6599D+06  8.6599D+06         4
  1.0119D+04  4.1877D+03  4.2127D+03  1.3457D+02  1.3457D+02  1.2900D+07  1.2710D+07  3.4931D+03  3.4555D+03  9.6913D+06  9.6913D+06         4
  1.0505D+04  4.2808D+03  4.3053D+03  1.4506D+02  1.4506D+02  1.3713D+07  1.3519D+07  3.5016D+03  3.4647D+03  1.0817D+07  1.0817D+07         4
  1.0906D+04  4.3785D+03  4.4024D+03  1.5646D+02  1.5646D+02  1.4588D+07  1.4389D+07  3.5099D+03  3.4739D+03  1.2046D+07  1.2046D+07         4
  1.1321D+04  4.4811D+03  4.5044D+03  1.6888D+02  1.6888D+02  1.5531D+07  1.5326D+07  3.5182D+03  3.4829D+03  1.3388D+07  1.3388D+07         4
  1.1753D+04  4.5889D+03  4.6116D+03  1.8243D+02  1.8243D+02  1.6546D+07  1.6336D+07  3.5265D+03  3.4919D+03  1.4856D+07  1.4856D+07         4
  1.2201D+04  4.7022D+03  4.7244D+03  1.9724D+02  1.9724D+02  1.7641D+07  1.7425D+07  3.5347D+03  3.5008D+03  1.6461D+07  1.6461D+07         5
  1.2667D+04  4.8215D+03  4.8432D+03  2.1345D+02  2.1345D+02  1.8823D+07  1.8600D+07  3.5429D+03  3.5097D+03  1.8218D+07  1.8218D+07         5
  1.3150D+04  4.9471D+03  4.9683D+03  2.3122D+02  2.3122D+02  2.0099D+07  1.9870D+07  3.5511D+03  3.5185D+03  2.0143D+07  2.0143D+07         4
  1.3651D+04  5.0796D+03  5.1003D+03  2.5073D+02  2.5073D+02  2.1479D+07  2.1242D+07  3.5593D+03  3.5273D+03  2.2251D+07  2.2251D+07         5
  1.4172D+04  5.2195D+03  5.2397D+03  2.7219D+02  2.7219D+02  2.2971D+07  2.2727D+07  3.5676D+03  3.5361D+03  2.4564D+07  2.4564D+07         6
  1.4712D+04  5.3672D+03  5.3870D+03  2.9585D+02  2.9585D+02  2.4587D+07  2.4335D+07  3.5758D+03  3.5449D+03  2.7103D+07  2.7103D+07         6
  1.5273D+04  5.5235D+03  5.5429D+03  3.2197D+02  3.2197D+02  2.6339D+07  2.6079D+07  3.5841D+03  3.5537D+03  2.9891D+07  2.9891D+07         6
  1.5856D+04  5.6890D+03  5.7080D+03  3.5086D+02  3.5086D+02  2.8239D+07  2.7970D+07  3.5924D+03  3.5626D+03  3.2955D+07  3.2955D+07         6
  1.6461D+04  5.8645D+03  5.8830D+03  3.8290D+02  3.8290D+02  3.0303D+07  3.0025D+07  3.6008D+03  3.5715D+03  3.6326D+07  3.6326D+07         6
  1.7088D+04  6.0507D+03  6.0688D+03  4.1850D+02  4.1850D+02  3.2547D+07  3.2259D+07  3.6093D+03  3.5804D+03  4.0038D+07  4.0038D+07         6
  1.7740D+04  6.2486D+03  6.2663D+03  4.5813D+02  4.5813D+02  3.4989D+07  3.4691D+07  3.6180D+03  3.5895D+03  4.4127D+07  4.4127D+07         7
  1.8416D+04  6.4592D+03  6.4765D+03  5.0236D+02  5.0236D+02  3.7651D+07  3.7341D+07  3.6267D+03  3.5986D+03  4.8638D+07  4.8638D+07         7
  1.9119D+04  6.6836D+03  6.7005D+03  5.5185D+02  5.5185D+02  4.0554D+07  4.0234D+07  3.6356D+03  3.6079D+03  5.3619D+07  5.3619D+07         8
  1.9848D+04  6.9230D+03  6.9396D+03  6.0735D+02  6.0735D+02  4.3726D+07  4.3394D+07  3.6446D+03  3.6173D+03  5.9123D+07  5.9123D+07         8
  2.0605D+04  7.1789D+03  7.1951D+03  6.6977D+02  6.6977D+02  4.7197D+07  4.6851D+07  3.6538D+03  3.6268D+03  6.5212D+07  6.5212D+07         9
  2.1391D+04  7.4527D+03  7.4686D+03  7.4014D+02  7.4014D+02  5.0998D+07  5.0639D+07  3.6632D+03  3.6365D+03  7.1956D+07  7.1956D+07         9
  2.2206D+04  7.7463D+03  7.7619D+03  8.1971D+02  8.1971D+02  5.5168D+07  5.4796D+07  3.6727D+03  3.6464D+03  7.9434D+07  7.9434D+07        10
  2.3053D+04  8.0616D+03  8.0768D+03  9.0995D+02  9.0995D+02  5.9751D+07  5.9363D+07  3.6825D+03  3.6565D+03  8.7737D+07  8.7737D+07        10
  2.3932D+04  8.4008D+03  8.4157D+03  1.0126D+03  1.0126D+03  6.4794D+07  6.4391D+07  3.6925D+03  3.6667D+03  9.6966D+07  9.6966D+07        11
  2.4845D+04  8.7663D+03  8.7809D+03  1.1298D+03  1.1298D+03  7.0355D+07  6.9934D+07  3.7028D+03  3.6772D+03  1.0724D+08  1.0724D+08        12
  2.5793D+04  9.1612D+03  9.1755D+03  1.2639D+03  1.2639D+03  7.6496D+07  7.6058D+07  3.7133D+03  3.6880D+03  1.1869D+08  1.1869D+08        12
  2.6776D+04  9.5884D+03  9.6024D+03  1.4181D+03  1.4181D+03  8.3292D+07  8.2836D+07  3.7240D+03  3.6989D+03  1.3148D+08  1.3148D+08        14
  2.7797D+04  1.0052D+04  1.0066D+04  1.5960D+03  1.5960D+03  9.0828D+07  9.0352D+07  3.7350D+03  3.7101D+03  1.4579D+08  1.4579D+08        14
  2.8857D+04  1.0556D+04  1.0569D+04  1.8020D+03  1.8020D+03  9.9202D+07  9.8705D+07  3.7463D+03  3.7216D+03  1.6181D+08  1.6181D+08        15
  2.9958D+04  1.1105D+04  1.1118D+04  2.0415D+03  2.0415D+03  1.0853D+08  1.0801D+08  3.7579D+03  3.7333D+03  1.7980D+08  1.7980D+08        17
  3.1100D+04  1.1705D+04  1.1718D+04  2.3212D+03  2.3212D+03  1.1894D+08  1.1840D+08  3.7698D+03  3.7453D+03  2.0002D+08  2.0002D+08        18
  3.2287D+04  1.2362D+04  1.2375D+04  2.6495D+03  2.6495D+03  1.3060D+08  1.3003D+08  3.7819D+03  3.7576D+03  2.2282D+08  2.2282D+08        19
  3.3518D+04  1.3085D+04  1.3097D+04  3.0365D+03  3.0365D+03  1.4368D+08  1.4308D+08  3.7944D+03  3.7701D+03  2.4857D+08  2.4857D+08        20
  3.4796D+04  1.3881D+04  1.3893D+04  3.4952D+03  3.4952D+03  1.5840D+08  1.5778D+08  3.8071D+03  3.7829D+03  2.7774D+08  2.7774D+08        22
  3.6123D+04  1.4762D+04  1.4774D+04  4.0419D+03  4.0419D+03  1.7503D+08  1.7438D+08  3.8202D+03  3.7960D+03  3.1085D+08  3.1085D+08        23
  3.7501D+04  1.5741D+04  1.5752D+04  4.6973D+03  4.6973D+03  1.9387D+08  1.9319D+08  3.8335D+03  3.8094D+03  3.4854D+08  3.4854D+08        25
  3.8931D+04  1.6831D+04  1.6843D+04  5.4880D+03  5.4880D+03  2.1530D+08  2.1458D+08  3.8471D+03  3.8230D+03  3.9160D+08  3.9160D+08        27
  4.0415D+04  1.8052D+04  1.8063D+04  6.4484D+03  6.4484D+03  2.3975D+08  2.3900D+08  3.8610D+03  3.8368D+03  4.4094D+08  4.4094D+08        29
  4.1957D+04  1.9424D+04  1.9435D+04  7.6235D+03  7.6235D+03  2.6778D+08  2.6699D+08  3.8751D+03  3.8509D+03  4.9768D+08  4.9768D+08        31
  4.3557D+04  2.0975D+04  2.0986D+04  9.0726D+03  9.0726D+03  3.0007D+08  2.9923D+08  3.8894D+03  3.8652D+03  5.6321D+08  5.6321D+08        34
  4.5218D+04  2.2737D+04  2.2748D+04  1.0875D+04  1.0875D+04  3.3743D+08  3.3655D+08  3.9040D+03  3.8796D+03  6.3919D+08  6.3919D+08        36
  4.6942D+04  2.4752D+04  2.4762D+04  1.3138D+04  1.3138D+04  3.8090D+08  3.7997D+08  3.9187D+03  3.8942D+03  7.2774D+08  7.2774D+08        38
  4.8733D+04  2.7069D+04  2.7079D+04  1.6008D+04  1.6008D+04  4.3178D+08  4.3080D+08  3.9336D+03  3.9089D+03  8.3148D+08  8.3148D+08        41
  5.0591D+04  2.9754D+04  2.9764D+04  1.9690D+04  1.9690D+04  4.9174D+08  4.9070D+08  3.9486D+03  3.9236D+03  9.5373D+08  9.5373D+08        45
  5.2520D+04  3.2891D+04  3.2901D+04  2.4472D+04  2.4472D+04  5.6289D+08  5.6179D+08  3.9636D+03  3.9384D+03  1.0988D+09  1.0988D+09        48
  5.4523D+04  3.6590D+04  3.6599D+04  3.0771D+04  3.0771D+04  6.4805D+08  6.4688D+08  3.9785D+03  3.9530D+03  1.2721D+09  1.2721D+09        52
  5.6603D+04  4.0995D+04  4.1004D+04  3.9199D+04  3.9199D+04  7.5089D+08  7.4965D+08  3.9933D+03  3.9674D+03  1.4811D+09  1.4811D+09        56
  5.8761D+04  4.6303D+04  4.6312D+04  5.0681D+04  5.0681D+04  8.7643D+08  8.7509D+08  4.0078D+03  3.9814D+03  1.7355D+09  1.7355D+09        60
  6.1002D+04  5.2788D+04  5.2797D+04  6.6647D+04  6.6647D+04  1.0315D+09  1.0301D+09  4.0218D+03  3.9949D+03  2.0487D+09  2.0487D+09        65
  6.3329D+04  6.0839D+04  6.0847D+04  8.9388D+04  8.9388D+04  1.2259D+09  1.2244D+09  4.0352D+03  4.0076D+03  2.4396D+09  2.4396D+09        71
  6.5744D+04  7.1023D+04  7.1032D+04  1.2272D+05  1.2272D+05  1.4736D+09  1.4720D+09  4.0475D+03  4.0191D+03  2.9354D+09  2.9354D+09        77
  6.8251D+04  8.4211D+04  8.4220D+04  1.7328D+05  1.7328D+05  1.7960D+09  1.7942D+09  4.0583D+03  4.0290D+03  3.5767D+09  3.5767D+09        84
  7.0854D+04  1.0179D+05  1.0180D+05  2.5333D+05  2.5333D+05  2.2265D+09  2.2245D+09  4.0669D+03  4.0364D+03  4.4271D+09  4.4271D+09        92
  7.3556D+04  1.2613D+05  1.2614D+05  3.8728D+05  3.8728D+05  2.8208D+09  2.8187D+09  4.0722D+03  4.0403D+03  5.5918D+09  5.5918D+09       101
  7.6361D+04  1.6159D+05  1.6160D+05  6.2874D+05  6.2874D+05  3.6797D+09  3.6774D+09  4.0724D+03  4.0388D+03  7.2596D+09  7.2596D+09       112


   ZERO-TEMPERATURE ISOTHERM

        RHO          P         DPDR          E          ETA       GAMMA      T(PSI=1)     THETA       GIBBS
      kg/m**3       GPa	    (m/sec)**2     J/kg                                K           K          J/kg

    2.7000D+04  1.5650D+04  1.2907D+09  3.8527D+08  1.0000D+01  2.0000D-01  8.5128D+05 -2.6195D+03  9.6490D+08
    2.4624D+04  1.2734D+04  1.1643D+09  3.3481D+08  9.1201D+00  2.1930D-01  8.7092D+05 -2.5694D+03  8.5193D+08
    2.2458D+04  1.0337D+04  1.0485D+09  2.8984D+08  8.3176D+00  2.4045D-01  8.8770D+05 -2.5156D+03  7.5011D+08
    2.0482D+04  8.3691D+03  9.4266D+08  2.4986D+08  7.5858D+00  2.6365D-01  9.0112D+05 -2.4580D+03  6.5848D+08
    1.8679D+04  6.7575D+03  8.4589D+08  2.1442D+08  6.9183D+00  2.8909D-01  9.1066D+05 -2.3962D+03  5.7618D+08
    1.7036D+04  5.4398D+03  7.5755D+08  1.8309D+08  6.3096D+00  3.1698D-01  9.1580D+05 -2.3303D+03  5.0240D+08
    1.5537D+04  4.3646D+03  6.7699D+08  1.5548D+08  5.7544D+00  3.4756D-01  9.1602D+05 -2.2601D+03  4.3640D+08
    1.4170D+04  3.4893D+03  6.0362D+08  1.3123D+08  5.2481D+00  3.8109D-01  9.1084D+05 -2.1856D+03  3.7748D+08
    1.2923D+04  2.7783D+03  5.3686D+08  1.1001D+08  4.7863D+00  4.1786D-01  8.9986D+05 -2.1067D+03  3.2500D+08
    1.1786D+04  2.2024D+03  4.7620D+08  9.1527D+07  4.3652D+00  4.5817D-01  8.8272D+05 -2.0235D+03  2.7839D+08
    1.0749D+04  1.7371D+03  4.2116D+08  7.5500D+07  3.9811D+00  5.0238D-01  8.5921D+05 -1.9360D+03  2.3711D+08
    9.8031D+03  1.3624D+03  3.7127D+08  6.1677D+07  3.6308D+00  5.5085D-01  8.2921D+05 -1.8444D+03  2.0066D+08
    8.9405D+03  1.0617D+03  3.2612D+08  4.9826D+07  3.3113D+00  6.0399D-01  7.9281D+05 -1.7489D+03  1.6858D+08
    8.1539D+03  8.2121D+02  2.8533D+08  3.9735D+07  3.0200D+00  6.6226D-01  7.5028D+05 -1.6499D+03  1.4045D+08
    7.4364D+03  6.2973D+02  2.4852D+08  3.1212D+07  2.7542D+00  7.2616D-01  7.0209D+05 -1.5478D+03  1.1589D+08
    6.7821D+03  4.7799D+02  2.1536D+08  2.4080D+07  2.5119D+00  7.9621D-01  6.4894D+05 -1.4431D+03  9.4558D+07
    6.1853D+03  3.5839D+02  1.8553D+08  1.8178D+07  2.2909D+00  8.7303D-01  5.9177D+05 -1.3364D+03  7.6121D+07
    5.6411D+03  2.6473D+02  1.5876D+08  1.3360D+07  2.0893D+00  9.5726D-01  5.3169D+05 -1.2284D+03  6.0288D+07
    5.1447D+03  1.9190D+02  1.3477D+08  9.4912D+06  1.9055D+00  1.0496D+00  4.7001D+05 -1.1200D+03  4.6791D+07
    4.6921D+03  1.3576D+02  1.1331D+08  6.4502D+06  1.7378D+00  1.1509D+00  4.0814D+05 -1.0122D+03  3.5385D+07
    4.2792D+03  9.2949D+01  9.4166D+07  4.1259D+06  1.5849D+00  1.2619D+00  3.4757D+05 -9.0580D+02  2.5847D+07
    3.9027D+03  6.0716D+01  7.7118D+07  2.4169D+06  1.4454D+00  1.3837D+00  2.8970D+05 -8.0197D+02  1.7974D+07
    3.5593D+03  3.6846D+01  6.1978D+07  1.2307D+06  1.3183D+00  1.5172D+00  2.3587D+05 -7.0175D+02  1.1583D+07
    3.2461D+03  1.9546D+01  4.8568D+07  4.8311D+05  1.2023D+00  1.6635D+00  1.8715D+05 -6.0620D+02  6.5045D+06
    2.9605D+03  7.3747D+00  3.6727D+07  9.6970D+04  1.0965D+00  1.8240D+00  1.4437D+05 -5.1631D+02  2.5880D+06
    2.7000D+03 -8.2685D-01  2.6312D+07  1.7421D+03  1.0000D+00  2.0000D+00  1.0796D+05 -4.3300D+02 -3.0450D+05
    2.4624D+03 -6.0154D+00  1.7525D+07  1.3304D+05  9.1201D-01  2.1528D+00  7.8240D+04 -3.5746D+02 -2.3098D+06
    2.2458D+03 -9.0227D+00  1.0381D+07  4.3450D+05  8.3176D-01  2.2516D+00  5.5412D+04 -2.9173D+02 -3.5832D+06
    2.0482D+03 -1.0497D+01  4.6711D+06  8.5878D+05  7.5858D-01  2.3080D+00  3.8694D+04 -2.3641D+02 -4.2661D+06
    1.8679D+03 -1.0924D+01  1.9816D+05  1.3668D+06  6.9183D-01  2.3314D+00  2.6825D+04 -1.9089D+02 -4.4816D+06
    1.7036D+03 -1.0667D+01 -3.2191D+06  1.9266D+06  6.3096D-01  2.3295D+00  1.8562D+04 -1.5399D+02 -4.3350D+06
    1.5537D+03 -9.9880D+00 -5.7461D+06  2.5126D+06  5.7544D-01  2.3084D+00  1.2872D+04 -1.2436D+02 -3.9159D+06
    1.4170D+03 -9.0746D+00 -7.5321D+06  3.1049D+06  5.2481D-01  2.2730D+00  8.9742D+03 -1.0070D+02 -3.2993D+06
    1.2923D+03 -8.0575D+00 -8.7097D+06  3.6879D+06  4.7863D-01  2.2273D+00  6.3037D+03 -8.1843D+01 -2.5471D+06
    1.1786D+03 -7.0246D+00 -9.3960D+06  4.2502D+06  4.3652D-01  2.1744D+00  4.4684D+03 -6.6823D+01 -1.7100D+06
    1.0749D+03 -6.0321D+00 -9.6923D+06  4.7835D+06  3.9811D-01  2.1170D+00  3.1999D+03 -5.4839D+01 -8.2827D+05
    9.8031D+02 -5.1136D+00 -9.6858D+06  5.2825D+06  3.6308D-01  2.0568D+00  2.3166D+03 -4.5249D+01  6.6147D+04
    8.9405D+02 -4.2867D+00 -9.4502D+06  5.7436D+06  3.3113D-01  1.9956D+00  1.6959D+03 -3.7545D+01  9.4890D+05
    8.1539D+02 -3.5580D+00 -9.0473D+06  6.1654D+06  3.0199D-01  1.9344D+00  1.2557D+03 -3.1330D+01  1.8018D+06
    7.4364D+02 -2.9267D+00 -8.5278D+06  6.5475D+06  2.7542D-01  1.8741D+00  9.4020D+02 -2.6290D+01  2.6119D+06
    6.7821D+02 -2.3876D+00 -7.9331D+06  6.8908D+06  2.5119D-01  1.8155D+00  7.1173D+02 -2.2182D+01  3.3704D+06
    6.1853D+02 -1.9327D+00 -7.2960D+06  7.1966D+06  2.2909D-01  1.7589D+00  5.4453D+02 -1.8816D+01  4.0719D+06
    5.6411D+02 -1.5531D+00 -6.6425D+06  7.4671D+06  2.0893D-01  1.7048D+00  4.2088D+02 -1.6042D+01  4.7139D+06
    5.1447D+02 -1.2394D+00 -5.9923D+06  7.7046D+06  1.9055D-01  1.6533D+00  3.2849D+02 -1.3744D+01  5.2956D+06
    4.6921D+02 -9.8227D-01 -5.3603D+06  7.9117D+06  1.7378D-01  1.6045D+00  2.5876D+02 -1.1829D+01  5.8183D+06
    4.2792D+02 -7.7334D-01 -4.7572D+06  8.0912D+06  1.5849D-01  1.5586D+00  2.0562D+02 -1.0226D+01  6.2839D+06
    3.9027D+02 -6.0486D-01 -4.1902D+06  8.2455D+06  1.4454D-01  1.5155D+00  1.6473D+02 -8.8764D+00  6.6957D+06
    3.5593D+02 -4.6999D-01 -3.6641D+06  8.3775D+06  1.3183D-01  1.4752D+00  1.3300D+02 -7.7345D+00  7.0571D+06
    3.2461D+02 -3.6279D-01 -3.1814D+06  8.4896D+06  1.2023D-01  1.4375D+00  1.0815D+02 -6.7638D+00  7.3720D+06
    2.9605D+02 -2.7819D-01 -2.7431D+06  8.5841D+06  1.0965D-01  1.4025D+00  8.8531D+01 -5.9347D+00  7.6445D+06
    2.7000D+02 -2.1189D-01 -2.3487D+06  8.6634D+06  1.0000D-01  1.3700D+00  7.2925D+01 -5.2234D+00  7.8786D+06
    2.4624D+02 -1.6029D-01 -1.9970D+06  8.7294D+06  9.1201D-02  1.3399D+00  6.0418D+01 -4.6107D+00  8.0784D+06
    2.2458D+02 -1.2041D-01 -1.6861D+06  8.7839D+06  8.3176D-02  1.3119D+00  5.0324D+01 -4.0807D+00  8.2477D+06
    2.0482D+02 -8.9803D-02 -1.4133D+06  8.8286D+06  7.5858D-02  1.2862D+00  4.2124D+01 -3.6206D+00  8.3902D+06
    1.8679D+02 -6.6489D-02 -1.1761D+06  8.8651D+06  6.9183D-02  1.2624D+00  3.5422D+01 -3.2197D+00  8.5092D+06
    1.7036D+02 -4.8857D-02 -9.7140D+05  8.8946D+06  6.3096D-02  1.2404D+00  2.9911D+01 -2.8692D+00  8.6078D+06
    1.5537D+02 -3.5624D-02 -7.9620D+05  8.9183D+06  5.7544D-02  1.2202D+00  2.5356D+01 -2.5619D+00  8.6890D+06
    1.4170D+02 -2.5769D-02 -6.4747D+05  8.9372D+06  5.2481D-02  1.2017D+00  2.1572D+01 -2.2915D+00  8.7553D+06
    1.2923D+02 -1.8488D-02 -5.2229D+05  8.9521D+06  4.7863D-02  1.1846D+00  1.8412D+01 -2.0531D+00  8.8090D+06
    1.1786D+02 -1.3152D-02 -4.1780D+05  8.9637D+06  4.3651D-02  1.1689D+00  1.5763D+01 -1.8422D+00  8.8521D+06
    1.0749D+02 -9.2754D-03 -3.3136D+05  8.9728D+06  3.9811D-02  1.1545D+00  1.3533D+01 -1.6553D+00  8.8865D+06
    9.8031D+01 -6.4828D-03 -2.6049D+05  8.9798D+06  3.6308D-02  1.1413D+00  1.1648D+01 -1.4892D+00  8.9137D+06
    8.9405D+01 -4.4892D-03 -2.0291D+05  8.9851D+06  3.3113D-02  1.1292D+00  1.0048D+01 -1.3414D+00  8.9349D+06
    8.1538D+01 -3.0791D-03 -1.5658D+05  8.9891D+06  3.0199D-02  1.1181D+00  8.6871D+00 -1.2095D+00  8.9514D+06
    7.4364D+01 -2.0913D-03 -1.1966D+05  8.9922D+06  2.7542D-02  1.1079D+00  7.5250D+00 -1.0917D+00  8.9640D+06
    6.7821D+01 -1.4060D-03 -9.0529D+04  8.9944D+06  2.5119D-02  1.0986D+00  6.5301D+00 -9.8622D-01  8.9737D+06
    6.1853D+01 -9.3547D-04 -6.7788D+04  8.9960D+06  2.2909D-02  1.0901D+00  5.6761D+00 -8.9167D-01  8.9809D+06
    5.6411D+01 -6.1572D-04 -5.0220D+04  8.9972D+06  2.0893D-02  1.0823D+00  4.9411D+00 -8.0679D-01  8.9863D+06
    5.1447D+01 -4.0077D-04 -3.6798D+04  8.9981D+06  1.9055D-02  1.0751D+00  4.3073D+00 -7.3049D-01  8.9903D+06
    4.6920D+01 -2.5789D-04 -2.6658D+04  8.9987D+06  1.7378D-02  1.0686D+00  3.7594D+00 -6.6182D-01  8.9932D+06
    4.2792D+01 -1.6399D-04 -1.9088D+04  8.9991D+06  1.5849D-02  1.0626D+00  3.2850D+00 -5.9996D-01  8.9953D+06
    3.9027D+01 -1.0302D-04 -1.3503D+04  8.9994D+06  1.4454D-02  1.0572D+00  2.8735D+00 -5.4416D-01  8.9968D+06
    3.5593D+01 -6.3910D-05 -9.4335D+03  8.9996D+06  1.3183D-02  1.0522D+00  2.5160D+00 -4.9378D-01  8.9978D+06
    3.2461D+01 -3.9136D-05 -6.5063D+03  8.9997D+06  1.2023D-02  1.0477D+00  2.2049D+00 -4.4827D-01  8.9985D+06
    2.9605D+01 -2.3647D-05 -4.4283D+03  8.9998D+06  1.0965D-02  1.0435D+00  1.9338D+00 -4.0712D-01  8.9990D+06
    2.7000D+01 -1.4093D-05 -2.9730D+03  8.9999D+06  1.0000D-02  1.0397D+00  1.6973D+00 -3.6988D-01  8.9994D+06
    2.4624D+01 -8.2801D-06 -1.9679D+03  8.9999D+06  9.1201D-03  1.0362D+00  1.4907D+00 -3.3615D-01  8.9996D+06
    2.2458D+01 -4.7944D-06 -1.2838D+03  9.0000D+06  8.3176D-03  1.0331D+00  1.3100D+00 -3.0560D-01  8.9997D+06
    2.0482D+01 -2.7347D-06 -8.2501D+02  9.0000D+06  7.5858D-03  1.0302D+00  1.1519D+00 -2.7790D-01  8.9998D+06
    1.8679D+01 -1.5359D-06 -5.2203D+02  9.0000D+06  6.9183D-03  1.0275D+00  1.0134D+00 -2.5278D-01  8.9999D+06
    1.7036D+01 -8.4907D-07 -3.2509D+02  9.0000D+06  6.3096D-03  1.0251D+00  8.9195D-01 -2.2998D-01  8.9999D+06
    1.5537D+01 -4.6187D-07 -1.9914D+02  9.0000D+06  5.7544D-03  1.0229D+00  7.8539D-01 -2.0928D-01  9.0000D+06
    1.4170D+01 -2.4718D-07 -1.1996D+02  9.0000D+06  5.2481D-03  1.0209D+00  6.9183D-01 -1.9048D-01  9.0000D+06
    1.2923D+01 -1.3014D-07 -7.1030D+01  9.0000D+06  4.7863D-03  1.0191D+00  6.0963D-01 -1.7340D-01  9.0000D+06
    1.1786D+01 -6.7416D-08 -4.1347D+01  9.0000D+06  4.3651D-03  1.0174D+00  5.3738D-01 -1.5788D-01  9.0000D+06
    1.0749D+01 -3.4362D-08 -2.3683D+01  9.0000D+06  3.9811D-03  1.0159D+00  4.7382D-01 -1.4377D-01  9.0000D+06
    9.8031D+00 -1.7203D-08 -1.3388D+01  9.0000D+06  3.6308D-03  1.0145D+00  4.1790D-01 -1.3093D-01  9.0000D+06
    8.9405D+00 -8.3857D-09 -7.5286D+00  9.0000D+06  3.3113D-03  1.0132D+00  3.6866D-01 -1.1926D-01  9.0000D+06
    8.1538D+00 -3.8464D-09 -4.2906D+00  9.0000D+06  3.0199D-03  1.0121D+00  3.2530D-01 -1.0864D-01  9.0000D+06
    7.4364D+00 -1.4424D-09 -2.5731D+00  9.0000D+06  2.7542D-03  1.0110D+00  2.8710D-01 -9.8976D-02  9.0000D+06
    6.7821D+00 -6.8003D-11 -1.7208D+00  9.0000D+06  2.5119D-03  1.0100D+00  2.5343D-01 -9.0180D-02  9.0000D+06
    6.1853D+00  8.3244D-10 -1.3492D+00  9.0000D+06  2.2909D-03  1.0091D+00  2.2375D-01 -8.2172D-02  9.0000D+06
    5.6411D+00  1.5279D-09 -1.2347D+00  9.0000D+06  2.0893D-03  1.0083D+00  1.9757D-01 -7.4882D-02  9.0000D+06
    5.1447D+00  2.1403D-09 -1.2464D+00  9.0000D+06  1.9055D-03  1.0076D+00  1.7448D-01 -6.8243D-02  9.0000D+06
    4.6920D+00  2.7172D-09 -1.3067D+00  9.0000D+06  1.7378D-03  1.0069D+00  1.5411D-01 -6.2197D-02  9.0000D+06
    4.2792D+00  3.2696D-09 -1.3674D+00  9.0000D+06  1.5849D-03  1.0063D+00  1.3614D-01 -5.6689D-02  9.0000D+06
    3.9027D+00  3.7915D-09 -1.3984D+00  9.0000D+06  1.4454D-03  1.0058D+00  1.2027D-01 -5.1673D-02  9.0000D+06
    3.5593D+00  4.2702D-09 -1.3804D+00  9.0000D+06  1.3183D-03  1.0053D+00  1.0626D-01 -4.7102D-02  9.0000D+06
    3.2461D+00  4.6922D-09 -1.3023D+00  9.0000D+06  1.2023D-03  1.0048D+00  9.3896D-02 -4.2938D-02  9.0000D+06
    2.9605D+00  5.0456D-09 -1.1593D+00  9.0000D+06  1.0965D-03  1.0044D+00  8.2975D-02 -3.9143D-02  9.0000D+06
    2.7000D+00  5.3223D-09 -9.5138D-01  9.0000D+06  1.0000D-03  1.0040D+00  7.3329D-02 -3.5685D-02  9.0000D+06


   HUGONIOT

      RHO          T           P          PC           E           S           V           U       RHO/RHOO  #IT  STATE
    kg/m**3        K          GPa        GPa          J/kg      J/kg-K       km/sec      km/sec

  2.7000D+03  2.9803D+02  2.4709D-04 -8.2677D-01  1.5515D+05  9.3181D+02  5.1889D+00  0.0000D+00  1.0000D+00  0  INITIAL
  2.7168D+03  3.0175D+02  4.5920D-01 -3.7815D-01  1.5567D+05  9.3183D+02  5.2368D+00  3.2459D-02  1.0062D+00  2  SOLID  
  2.7299D+03  3.0465D+02  8.2366D-01 -2.1786D-02  1.5682D+05  9.3187D+02  5.2743D+00  5.7822D-02  1.0111D+00  2  SOLID  
  2.7429D+03  3.0755D+02  1.1918D+00  3.3821D-01  1.5860D+05  9.3199D+02  5.3116D+00  8.3085D-02  1.0159D+00  2  SOLID  
  2.7557D+03  3.1045D+02  1.5622D+00  7.0041D-01  1.6100D+05  9.3220D+02  5.3486D+00  1.0816D-01  1.0206D+00  2  SOLID  
  2.7684D+03  3.1335D+02  1.9335D+00  1.0634D+00  1.6399D+05  9.3251D+02  5.3851D+00  1.3296D-01  1.0253D+00  2  SOLID  
  2.7807D+03  3.1625D+02  2.3045D+00  1.4260D+00  1.6754D+05  9.3296D+02  5.4212D+00  1.5742D-01  1.0299D+00  2  SOLID  
  2.7929D+03  3.1916D+02  2.6739D+00  1.7870D+00  1.7162D+05  9.3355D+02  5.4565D+00  1.8148D-01  1.0344D+00  2  SOLID  
  2.8048D+03  3.2206D+02  3.0409D+00  2.1454D+00  1.7618D+05  9.3429D+02  5.4912D+00  2.0508D-01  1.0388D+00  2  SOLID  
  2.8163D+03  3.2496D+02  3.4045D+00  2.5004D+00  1.8119D+05  9.3518D+02  5.5251D+00  2.2820D-01  1.0431D+00  2  SOLID  
  2.8276D+03  3.2786D+02  3.7641D+00  2.8512D+00  1.8660D+05  9.3623D+02  5.5583D+00  2.5080D-01  1.0473D+00  2  SOLID  
  2.8385D+03  3.3076D+02  4.1191D+00  3.1973D+00  1.9238D+05  9.3744D+02  5.5906D+00  2.7287D-01  1.0513D+00  2  SOLID  
  2.8980D+03  3.4817D+02  6.1370D+00  5.1593D+00  2.3280D+05  9.4772D+02  5.7676D+00  3.9408D-01  1.0733D+00  3  SOLID  
  2.9771D+03  3.7718D+02  9.0696D+00  7.9909D+00  3.1149D+05  9.7335D+02  6.0072D+00  5.5916D-01  1.1026D+00  3  SOLID  
  3.0391D+03  4.0620D+02  1.1574D+01  1.0387D+01  3.9429D+05  1.0047D+03  6.1983D+00  6.9157D-01  1.1256D+00  3  SOLID  
  3.0900D+03  4.3521D+02  1.3775D+01  1.2476D+01  4.7713D+05  1.0384D+03  6.3577D+00  8.0246D-01  1.1445D+00  3  SOLID  
  3.1335D+03  4.6423D+02  1.5757D+01  1.4341D+01  5.5880D+05  1.0728D+03  6.4951D+00  8.9849D-01  1.1605D+00  3  SOLID  
  3.2054D+03  5.2225D+02  1.9261D+01  1.7605D+01  7.1759D+05  1.1409D+03  6.7262D+00  1.0606D+00  1.1872D+00  3  SOLID  
  3.2644D+03  5.8028D+02  2.2343D+01  2.0440D+01  8.7050D+05  1.2061D+03  6.9184D+00  1.1961D+00  1.2090D+00  3  SOLID  
  3.3147D+03  6.3831D+02  2.5133D+01  2.2977D+01  1.0183D+06  1.2675D+03  7.0848D+00  1.3139D+00  1.2277D+00  3  SOLID  
  3.3589D+03  6.9634D+02  2.7707D+01  2.5294D+01  1.1617D+06  1.3253D+03  7.2326D+00  1.4188D+00  1.2440D+00  3  SOLID  
  3.4345D+03  8.1239D+02  3.2383D+01  2.9448D+01  1.4376D+06  1.4308D+03  7.4888D+00  1.6015D+00  1.2720D+00  3  SOLID  
  3.4982D+03  9.2845D+02  3.6604D+01  3.3139D+01  1.7018D+06  1.5246D+03  7.7082D+00  1.7588D+00  1.2956D+00  3  SOLID  
  3.5536D+03  1.0445D+03  4.0497D+01  3.6495D+01  1.9566D+06  1.6088D+03  7.9019D+00  1.8981D+00  1.3162D+00  3  SOLID  
  3.6030D+03  1.1606D+03  4.4139D+01  3.9595D+01  2.2037D+06  1.6851D+03  8.0764D+00  2.0241D+00  1.3344D+00  3  SOLID  
  3.6885D+03  1.3927D+03  5.0855D+01  4.5219D+01  2.6791D+06  1.8187D+03  8.3833D+00  2.2467D+00  1.3661D+00  3  SOLID  
  3.7615D+03  1.6248D+03  5.7011D+01  5.0274D+01  3.1346D+06  1.9329D+03  8.6499D+00  2.4411D+00  1.3932D+00  3  SOLID  
  3.8257D+03  1.8569D+03  6.2753D+01  5.4909D+01  3.5745D+06  2.0325D+03  8.8876D+00  2.6151D+00  1.4169D+00  3  SOLID  
  3.8831D+03  2.0890D+03  6.8171D+01  5.9216D+01  4.0016D+06  2.1209D+03  9.1032D+00  2.7736D+00  1.4382D+00  3  SOLID  
  3.9354D+03  2.3211D+03  7.3330D+01  6.3259D+01  4.4179D+06  2.2001D+03  9.3015D+00  2.9199D+00  1.4575D+00  3  SOLID  
  4.0490D+03  2.9014D+03  8.5350D+01  7.2484D+01  5.4212D+06  2.3687D+03  9.7405D+00  3.2453D+00  1.4996D+00  3  SOLID  
  4.1455D+03  3.4817D+03  9.6440D+01  8.0770D+01  6.3827D+06  2.5068D+03  1.0121D+01  3.5292D+00  1.5354D+00  3  SOLID  
  4.2300D+03  4.0620D+03  1.0685D+02  8.8369D+01  7.3120D+06  2.6237D+03  1.0460D+01  3.7833D+00  1.5667D+00  3  SOLID  
  4.3055D+03  4.6423D+03  1.1673D+02  9.5438D+01  8.2156D+06  2.7251D+03  1.0767D+01  4.0151D+00  1.5946D+00  3  SOLID  
  4.3740D+03  5.2225D+03  1.2618D+02  1.0208D+02  9.0980D+06  2.8146D+03  1.1050D+01  4.2291D+00  1.6200D+00  3  SOLID  
  4.4369D+03  5.8028D+03  1.3528D+02  1.0837D+02  9.9624D+06  2.8946D+03  1.1313D+01  4.4288D+00  1.6433D+00  3  SOLID  
  4.4953D+03  6.3831D+03  1.4409D+02  1.1437D+02  1.0811D+07  2.9670D+03  1.1560D+01  4.6165D+00  1.6649D+00  3  SOLID  
  4.5497D+03  6.9634D+03  1.5263D+02  1.2011D+02  1.1647D+07  3.0330D+03  1.1792D+01  4.7940D+00  1.6851D+00  3  SOLID  
  4.6009D+03  7.5437D+03  1.6096D+02  1.2562D+02  1.2470D+07  3.0937D+03  1.2012D+01  4.9628D+00  1.7040D+00  3  SOLID  
  4.6492D+03  8.1239D+03  1.6908D+02  1.3094D+02  1.3282D+07  3.1499D+03  1.2222D+01  5.1239D+00  1.7219D+00  3  SOLID  
  4.6950D+03  8.7042D+03  1.7703D+02  1.3609D+02  1.4085D+07  3.2022D+03  1.2422D+01  5.2783D+00  1.7389D+00  3  SOLID  
  4.7386D+03  9.2845D+03  1.8482D+02  1.4108D+02  1.4880D+07  3.2512D+03  1.2614D+01  5.4267D+00  1.7550D+00  3  SOLID  
  4.7802D+03  9.8648D+03  1.9247D+02  1.4593D+02  1.5666D+07  3.2971D+03  1.2799D+01  5.5697D+00  1.7704D+00  3  SOLID  
  4.8201D+03  1.0445D+04  2.0000D+02  1.5066D+02  1.6445D+07  3.3404D+03  1.2977D+01  5.7079D+00  1.7852D+00  3  SOLID  
  4.8584D+03  1.1025D+04  2.0740D+02  1.5526D+02  1.7218D+07  3.3813D+03  1.3149D+01  5.8417D+00  1.7994D+00  3  SOLID  
  4.8953D+03  1.1606D+04  2.1470D+02  1.5977D+02  1.7985D+07  3.4202D+03  1.3316D+01  5.9716D+00  1.8131D+00  3  SOLID  
  4.9654D+03  1.2766D+04  2.2900D+02  1.6849D+02  1.9503D+07  3.4924D+03  1.3635D+01  6.2206D+00  1.8390D+00  3  SOLID  
  5.0470D+03  1.3927D+04  2.4774D+02  1.7895D+02  2.1490D+07  3.5832D+03  1.4047D+01  6.5322D+00  1.8693D+00  3  LIQUID 
  5.1073D+03  1.5087D+04  2.6124D+02  1.8689D+02  2.2958D+07  3.6433D+03  1.4327D+01  6.7532D+00  1.8916D+00  3  LIQUID 
  5.1648D+03  1.6248D+04  2.7451D+02  1.9460D+02  2.4415D+07  3.6992D+03  1.4596D+01  6.9656D+00  1.9129D+00  3  LIQUID 
  5.2197D+03  1.7408D+04  2.8760D+02  2.0214D+02  2.5865D+07  3.7513D+03  1.4854D+01  7.1707D+00  1.9332D+00  3  LIQUID 
  5.3235D+03  1.9730D+04  3.1331D+02  2.1676D+02  2.8749D+07  3.8463D+03  1.5345D+01  7.5622D+00  1.9717D+00  3  LIQUID 
  5.4674D+03  2.3211D+04  3.5109D+02  2.3788D+02  3.3064D+07  3.9712D+03  1.6028D+01  8.1128D+00  2.0249D+00  3  LIQUID 
  5.6854D+03  2.9014D+04  4.1293D+02  2.7180D+02  4.0308D+07  4.1468D+03  1.7066D+01  8.9614D+00  2.1057D+00  3  LIQUID 
  5.8856D+03  3.4817D+04  4.7444D+02  3.0500D+02  4.7709D+07  4.2960D+03  1.8018D+01  9.7523D+00  2.1798D+00  3  LIQUID 
  6.2527D+03  4.6423D+04  5.9916D+02  3.7101D+02  6.3199D+07  4.5473D+03  1.9763D+01  1.1229D+01  2.3158D+00  3  LIQUID 
  6.5897D+03  5.8028D+04  7.2838D+02  4.3749D+02  7.9774D+07  4.7616D+03  2.1378D+01  1.2619D+01  2.4406D+00  3  LIQUID 
  6.9036D+03  6.9634D+04  8.6348D+02  5.0454D+02  9.7521D+07  4.9542D+03  2.2918D+01  1.3955D+01  2.5569D+00  3  LIQUID 
  7.1975D+03  8.1239D+04  1.0052D+03  5.7180D+02  1.1647D+08  5.1325D+03  2.4409D+01  1.5253D+01  2.6657D+00  3  LIQUID 
  7.4730D+03  9.2845D+04  1.1541D+03  6.3885D+02  1.3666D+08  5.3011D+03  2.5870D+01  1.6523D+01  2.7678D+00  3  LIQUID 
  7.7314D+03  1.0445D+05  1.3105D+03  7.0526D+02  1.5809D+08  5.4627D+03  2.7310D+01  1.7773D+01  2.8635D+00  3  LIQUID 
  7.9349D+03  1.1606D+05  1.4533D+03  7.5997D+02  1.7771D+08  5.5999D+03  2.8564D+01  1.8844D+01  2.9389D+00  3  LIQUID 


 EOS package call numbers
        ANEOS number =      -1        ALL 
 Calls to
 ANEOS                     1210      1210
 ANEOS1                   32924     32924
 ANION1                   34738     34738
 ANEOS1 from ANEOSV         912       912
 ANELSM from ANEOSV        1210      1210
 ANELSM                    1210      1210
 ANEOS1 from ANELSM       32012     32012
 ANEOS1/ANEOSV        2.721E+01 2.721E+01
 Calls to eos tables =         0
