

  Data for ANEOS number  -1   library number    0  type 99     ver 09/30/13

  N2 Ideal Gas                                            RHUG= 1.13070D-03
                                                          THUG= 2.56800D-02

  IN( 1)= 2.000000000D+00  IN( 9)= 0.000000000D+00  IN(17)= 0.000000000D+00
  IN( 2)=-2.000000000D+00  IN(10)= 0.000000000D+00  IN(18)= 0.000000000D+00
  IN( 3)= 1.130700000D-03  IN(11)= 0.000000000D+00  IN(19)= 0.000000000D+00
  IN( 4)= 2.980000000D+02  IN(12)= 0.000000000D+00  IN(20)= 0.000000000D+00
  IN( 5)= 1.000000000D+06  IN(13)= 0.000000000D+00  IN(21)= 0.000000000D+00
  IN( 6)= 0.000000000D+00  IN(14)= 0.000000000D+00  IN(22)= 0.000000000D+00
  IN( 7)= 4.000000000D-01  IN(15)= 0.000000000D+00  IN(23)= 0.000000000D+00
  IN( 8)= 0.000000000D+00  IN(16)= 0.000000000D+00  IN(24)= 0.000000000D+00

  N0= 0.43000D+23 Mean atomic weight= 0.14007D+02
  Z( 1)=  7.  number fraction( 1)= 5.00000D-01  atoms/gram( 1)= 2.15000D+22
  Z( 2)=  7.  number fraction( 2)= 5.00000D-01  atoms/gram( 2)= 2.15000D+22


  REFERENCE POINT CONDITIONS

  T=   2.567717D-02      RHO=    1.130700D-03      P=   1.200043D+06
  E=   2.653318D+09      DPDT=   4.673579D+07      CV=  1.033338D+11
  S=   0.000000D+00      DPDR=   1.061327D+09      B0=  1.200043D+06
  CS=  3.854683D+04      GAMMA=  4.000000D-01


  DATA ARRAY FOR MATERIAL   1

  C( 1) = 1.000000000+100  C(12) = 2.567717075D-02  C(23) = 0.000000000D+00
  C( 2) = 0.000000000D+00  C(13) = 0.000000000D+00  C(24) = 0.000000000D+00
  C( 3) = 1.400000000D+00  C(14) = 0.000000000D+00  C(25) = 0.000000000D+00
  C( 4) = 1.033337552D+11  C(15) = 4.000000000D-01  C(26) = 7.000000000D+00
  C( 5) = 4.133350208D+10  C(16) = 0.000000000D+00  C(27) = 4.300009995D+22
  C( 6) =-9.481856317D-01  C(17) = 0.000000000D+00  C(28) = 2.000000000D+00
  C( 7) = 0.000000000D+00  C(18) = 0.000000000D+00  C(29) = 1.400730000D+01
  C( 8) = 0.000000000D+00  C(19) = 0.000000000D+00  C(30) =-2.000000000D+00
  C( 9) = 0.000000000D+00  C(20) = 0.000000000D+00  C(31) = 1.000000000D+00
  C(10) = 0.000000000D+00  C(21) = 0.000000000D+00  C(32) = 0.000000000D+00
  C(11) = 1.130700000D-03  C(22) = 0.000000000D+00  C(33) = 0.000000000D+00

  LOCKP( 1)=   1    LOCKPL( 1)=   0  (two-phase array storage data)


   HUGONIOT

      RHO          T           P          PC           E           S           V           U       RHO/RHOO  #IT  STATE
    kg/m**3        K          GPa        GPa          J/kg      J/kg-K       km/sec      km/sec

  1.1307D+00  2.9803D+02  1.2002D-04  4.6736D-09  2.6536D+05  9.8106D-02  3.8549D-01  0.0000D+00  1.0000D+00  0  INITIAL
  1.1662D+00  3.0175D+02  1.2533D-04  4.8205D-09  2.6867D+05  1.0106D-01  3.9274D-01  1.1970D-02  1.0314D+00  3  1 PHASE
  1.1944D+00  3.0465D+02  1.2960D-04  4.9370D-09  2.7125D+05  1.1456D-01  3.9846D-01  2.1262D-02  1.0564D+00  3  1 PHASE
  1.2230D+00  3.0755D+02  1.3396D-04  5.0550D-09  2.7383D+05  1.4631D-01  4.0422D-01  3.0497D-02  1.0816D+00  3  1 PHASE
  1.2518D+00  3.1045D+02  1.3841D-04  5.1742D-09  2.7642D+05  2.0340D-01  4.1003D-01  3.9671D-02  1.1071D+00  3  1 PHASE
  1.2810D+00  3.1335D+02  1.4295D-04  5.2946D-09  2.7900D+05  2.9238D-01  4.1587D-01  4.8780D-02  1.1329D+00  3  1 PHASE
  1.3103D+00  3.1625D+02  1.4759D-04  5.4161D-09  2.8158D+05  4.1918D-01  4.2174D-01  5.7818D-02  1.1589D+00  3  1 PHASE
  1.3400D+00  3.1916D+02  1.5231D-04  5.5385D-09  2.8417D+05  5.8914D-01  4.2764D-01  6.6784D-02  1.1851D+00  3  1 PHASE
  1.3698D+00  3.2206D+02  1.5712D-04  5.6618D-09  2.8675D+05  8.0703D-01  4.3356D-01  7.5675D-02  1.2115D+00  3  1 PHASE
  1.3998D+00  3.2496D+02  1.6200D-04  5.7858D-09  2.8933D+05  1.0771D+00  4.3950D-01  8.4486D-02  1.2380D+00  3  1 PHASE
  1.4299D+00  3.2786D+02  1.6697D-04  5.9104D-09  2.9192D+05  1.4029D+00  4.4546D-01  9.3217D-02  1.2646D+00  2  1 PHASE
  1.4602D+00  3.3076D+02  1.7201D-04  6.0355D-09  2.9450D+05  1.7876D+00  4.5142D-01  1.0187D-01  1.2914D+00  2  1 PHASE
  1.6430D+00  3.4817D+02  2.0373D-04  6.7911D-09  3.1000D+05  5.4479D+00  4.8729D-01  1.5194D-01  1.4531D+00  3  1 PHASE
  1.9434D+00  3.7718D+02  2.6107D-04  8.0329D-09  3.3583D+05  1.6908D+01  5.4617D-01  2.2841D-01  1.7188D+00  3  1 PHASE
  2.2276D+00  4.0620D+02  3.2227D-04  9.2076D-09  3.6167D+05  3.4286D+01  6.0270D-01  2.9678D-01  1.9701D+00  3  1 PHASE
  2.4900D+00  4.3521D+02  3.8595D-04  1.0292D-08  3.8750D+05  5.6063D+01  6.5638D-01  3.5832D-01  2.2022D+00  3  1 PHASE
  2.7295D+00  4.6423D+02  4.5127D-04  1.1282D-08  4.1334D+05  8.0825D+01  7.0722D-01  4.1425D-01  2.4140D+00  3  1 PHASE
  3.1447D+00  5.2225D+02  5.8491D-04  1.2998D-08  4.6500D+05  1.3526D+02  8.0124D-01  5.1315D-01  2.7812D+00  3  1 PHASE
  3.4881D+00  5.8028D+02  7.2087D-04  1.4417D-08  5.1667D+05  1.9217D+02  8.8673D-01  5.9928D-01  3.0849D+00  3  1 PHASE
  3.7747D+00  6.3831D+02  8.5813D-04  1.5602D-08  5.6834D+05  2.4890D+02  9.6538D-01  6.7620D-01  3.3384D+00  2  1 PHASE
  4.0168D+00  6.9634D+02  9.9617D-04  1.6603D-08  6.2000D+05  3.0424D+02  1.0385D+00  7.4616D-01  3.5525D+00  2  1 PHASE
  4.4019D+00  8.1239D+02  1.2736D-03  1.8195D-08  7.2334D+05  4.0889D+02  1.1717D+00  8.7074D-01  3.8931D+00  2  1 PHASE
  4.6939D+00  9.2845D+02  1.5521D-03  1.9402D-08  8.2667D+05  5.0492D+02  1.2917D+00  9.8054D-01  4.1513D+00  2  1 PHASE
  4.9225D+00  1.0445D+03  1.8312D-03  2.0347D-08  9.3000D+05  5.9286D+02  1.4017D+00  1.0797D+00  4.3535D+00  2  1 PHASE
  5.1063D+00  1.1606D+03  2.1106D-03  2.1106D-08  1.0333D+06  6.7362D+02  1.5037D+00  1.1708D+00  4.5161D+00  2  1 PHASE
  5.3832D+00  1.3927D+03  2.6701D-03  2.2251D-08  1.2400D+06  8.1715D+02  1.6897D+00  1.3348D+00  4.7609D+00  2  1 PHASE
  5.5818D+00  1.6248D+03  3.2300D-03  2.3072D-08  1.4467D+06  9.4151D+02  1.8572D+00  1.4810D+00  4.9366D+00  2  1 PHASE
  5.7311D+00  1.8569D+03  3.7902D-03  2.3689D-08  1.6533D+06  1.0510D+03  2.0109D+00  1.6142D+00  5.0687D+00  2  1 PHASE
  5.8475D+00  2.0890D+03  4.3506D-03  2.4170D-08  1.8600D+06  1.1487D+03  2.1537D+00  1.7373D+00  5.1716D+00  2  1 PHASE
  5.9407D+00  2.3211D+03  4.9110D-03  2.4555D-08  2.0667D+06  1.2369D+03  2.2876D+00  1.8522D+00  5.2540D+00  2  1 PHASE
  6.1088D+00  2.9014D+03  6.3125D-03  2.5250D-08  2.5833D+06  1.4257D+03  2.5924D+00  2.1126D+00  5.4027D+00  2  1 PHASE
  6.2211D+00  3.4817D+03  7.7142D-03  2.5714D-08  3.1000D+06  1.5815D+03  2.8650D+00  2.3443D+00  5.5020D+00  2  1 PHASE
  6.3013D+00  4.0620D+03  9.1159D-03  2.6046D-08  3.6167D+06  1.7142D+03  3.1138D+00  2.5551D+00  5.5729D+00  2  1 PHASE
  6.3616D+00  4.6423D+03  1.0518D-02  2.6295D-08  4.1334D+06  1.8297D+03  3.3442D+00  2.7498D+00  5.6262D+00  2  1 PHASE
  6.4084D+00  5.2225D+03  1.1920D-02  2.6488D-08  4.6500D+06  1.9320D+03  3.5597D+00  2.9316D+00  5.6677D+00  2  1 PHASE
  6.4460D+00  5.8028D+03  1.3322D-02  2.6643D-08  5.1667D+06  2.0237D+03  3.7629D+00  3.1028D+00  5.7008D+00  2  1 PHASE
  6.4767D+00  6.3831D+03  1.4724D-02  2.6770D-08  5.6834D+06  2.1069D+03  3.9557D+00  3.2651D+00  5.7280D+00  2  1 PHASE
  6.5023D+00  6.9634D+03  1.6126D-02  2.6876D-08  6.2000D+06  2.1830D+03  4.1395D+00  3.4196D+00  5.7506D+00  2  1 PHASE
  6.5239D+00  7.5437D+03  1.7528D-02  2.6966D-08  6.7167D+06  2.2531D+03  4.3155D+00  3.5675D+00  5.7698D+00  2  1 PHASE
  6.5425D+00  8.1239D+03  1.8930D-02  2.7042D-08  7.2334D+06  2.3180D+03  4.4845D+00  3.7095D+00  5.7862D+00  1  1 PHASE
  6.5586D+00  8.7042D+03  2.0332D-02  2.7109D-08  7.7500D+06  2.3786D+03  4.6475D+00  3.8463D+00  5.8005D+00  1  1 PHASE
  6.5727D+00  9.2845D+03  2.1734D-02  2.7167D-08  8.2667D+06  2.4353D+03  4.8049D+00  3.9783D+00  5.8129D+00  1  1 PHASE
  6.5851D+00  9.8648D+03  2.3136D-02  2.7219D-08  8.7834D+06  2.4886D+03  4.9573D+00  4.1061D+00  5.8239D+00  1  1 PHASE
  6.5962D+00  1.0445D+04  2.4538D-02  2.7264D-08  9.3000D+06  2.5389D+03  5.1052D+00  4.2301D+00  5.8337D+00  1  1 PHASE
  6.6060D+00  1.1025D+04  2.5940D-02  2.7305D-08  9.8167D+06  2.5865D+03  5.2489D+00  4.3505D+00  5.8424D+00  1  1 PHASE
  6.6149D+00  1.1606D+04  2.7342D-02  2.7342D-08  1.0333D+07  2.6317D+03  5.3888D+00  4.4677D+00  5.8503D+00  1  1 PHASE
  6.6303D+00  1.2766D+04  3.0146D-02  2.7405D-08  1.1367D+07  2.7157D+03  5.6582D+00  4.6933D+00  5.8639D+00  1  1 PHASE
  6.6431D+00  1.3927D+04  3.2950D-02  2.7458D-08  1.2400D+07  2.7925D+03  5.9153D+00  4.9085D+00  5.8752D+00  1  1 PHASE
  6.6540D+00  1.5087D+04  3.5754D-02  2.7503D-08  1.3433D+07  2.8632D+03  6.1617D+00  5.1147D+00  5.8848D+00  1  1 PHASE
  6.6633D+00  1.6248D+04  3.8558D-02  2.7542D-08  1.4467D+07  2.9287D+03  6.3987D+00  5.3129D+00  5.8931D+00  1  1 PHASE
  6.6713D+00  1.7408D+04  4.1362D-02  2.7575D-08  1.5500D+07  2.9897D+03  6.6271D+00  5.5039D+00  5.9002D+00  1  1 PHASE
  6.6846D+00  1.9730D+04  4.6971D-02  2.7630D-08  1.7567D+07  3.1005D+03  7.0619D+00  5.8674D+00  5.9119D+00  1  1 PHASE
  6.6995D+00  2.3211D+04  5.5383D-02  2.7692D-08  2.0667D+07  3.2444D+03  7.6680D+00  6.3739D+00  5.9251D+00  1  1 PHASE
  6.7165D+00  2.9014D+04  6.9404D-02  2.7762D-08  2.5833D+07  3.4422D+03  8.5836D+00  7.1386D+00  5.9401D+00  1  1 PHASE
  6.7278D+00  3.4817D+04  8.3424D-02  2.7808D-08  3.1000D+07  3.6039D+03  9.4106D+00  7.8290D+00  5.9501D+00  1  1 PHASE
  6.7419D+00  4.6423D+04  1.1147D-01  2.7866D-08  4.1334D+07  3.8593D+03  1.0877D+01  9.0532D+00  5.9626D+00  1  1 PHASE
  6.7503D+00  5.8028D+04  1.3951D-01  2.7901D-08  5.1667D+07  4.0576D+03  1.2169D+01  1.0130D+01  5.9700D+00  1  1 PHASE
  6.7560D+00  6.9634D+04  1.6755D-01  2.7925D-08  6.2000D+07  4.2196D+03  1.3336D+01  1.1104D+01  5.9750D+00  1  1 PHASE
  6.7600D+00  8.1239D+04  1.9559D-01  2.7941D-08  7.2334D+07  4.3567D+03  1.4408D+01  1.1998D+01  5.9786D+00  1  1 PHASE
  6.7630D+00  9.2845D+04  2.2363D-01  2.7954D-08  8.2667D+07  4.4754D+03  1.5406D+01  1.2831D+01  5.9813D+00  1  1 PHASE
  6.7654D+00  1.0445D+05  2.5167D-01  2.7964D-08  9.3000D+07  4.5802D+03  1.6344D+01  1.3612D+01  5.9834D+00  1  1 PHASE
  6.7673D+00  1.1606D+05  2.7971D-01  2.7971D-08  1.0333D+08  4.6739D+03  1.7230D+01  1.4351D+01  5.9850D+00  1  1 PHASE


 EOS package call numbers
        ANEOS number =      -1        ALL 
 Calls to
 ANEOS                      240       240
 Calls to eos tables =         0
